2023-12-11 14:49:49 - INFO - Starting ML model
2023-12-11 14:51:44 - INFO - Starting ML model
2023-12-11 14:51:44 - INFO - Linear Regression - Mean Squared Error: 344.19860784077764 (SYS)
2023-12-11 14:51:44 - INFO - Linear Regression - Mean Squared Error: 118.16273139792574 (DIA)
2023-12-11 14:51:53 - INFO - SVR - Mean Squared Error: 334.9594419065256 (SYS)
2023-12-11 14:52:03 - INFO - SVR - Mean Squared Error: 120.5517650459113 (DIA)
2023-12-11 14:54:31 - INFO - Starting ML model
2023-12-11 14:54:31 - INFO - Linear Regression - Mean Squared Error: 337.96769433222715 (SYS)
2023-12-11 14:54:31 - INFO - Linear Regression - Mean Squared Error: 147.79519617560564 (DIA)
2023-12-11 14:54:31 - INFO - SVR - Mean Squared Error: 305.71180941642916 (SYS)
2023-12-11 14:54:31 - INFO - SVR - Mean Squared Error: 131.6888326691406 (DIA)
2023-12-11 17:35:26 - INFO - Starting ML model (median sys and ppg estimation with svr)
2023-12-11 17:35:26 - INFO - Linear Regression - Mean Squared Error: 337.96769433222715 (SYS)
2023-12-11 17:35:26 - INFO - Linear Regression - Mean Squared Error: 147.79519617560564 (DIA)
2023-12-11 17:35:26 - INFO - SVR - Mean Squared Error: 305.71180941642916 (SYS)
2023-12-11 17:35:26 - INFO - SVR - Mean Squared Error: 131.6888326691406 (DIA)
2023-12-12 07:43:12 - INFO - Starting ML model (total sys and ppg estimation with chebyshev filter with svr)
2023-12-12 07:43:12 - INFO - Linear Regression - Mean Squared Error: 222.27429296943276 (SYS)
2023-12-12 07:43:12 - INFO - Linear Regression - Mean Squared Error: 40.40383564385857 (DIA)
2023-12-12 07:43:12 - INFO - SVR - Mean Squared Error: 134.03542412337166 (SYS)
2023-12-12 07:43:12 - INFO - SVR - Mean Squared Error: 36.90897046918267 (DIA)
2023-12-12 08:08:56 - INFO - Starting ML model (total sys and ppg estimation with chebyshev filter with svr)
2023-12-12 08:08:56 - INFO - LR - Mean Squared Error: 222.27429296943276 (SYS)
2023-12-12 08:08:56 - INFO - LR - Mean Absolute Error: 12.787887866576366 (SYS)
2023-12-12 08:08:56 - INFO - LR - Bias: 12.537572853595984 (SYS)
2023-12-12 08:08:56 - INFO - LR - Limits of Agreement: (-3.276751448804072, 28.351897155996042) (SYS)
2023-12-12 08:08:56 - INFO - LR - Mean Squared Error: 40.40383564385857 (DIA)
2023-12-12 08:08:56 - INFO - LR - Mean Absolute Error: 5.104149925591676 (DIA)
2023-12-12 08:08:56 - INFO - LR - Bias: -3.1766242220960366 (DIA)
2023-12-12 08:08:56 - INFO - LR - Limits of Agreement: (-13.969289112224853, 7.616040668032781) (DIA)
2023-12-12 08:08:57 - INFO - SVR - Mean Squared Error: 134.03542412337166 (SYS)
2023-12-12 08:08:57 - INFO - SVR - Mean Absolute Error: 9.08612262521175 (SYS)
2023-12-12 08:08:57 - INFO - SVR - Bias: 8.494523313749566 (SYS)
2023-12-12 08:08:57 - INFO - SVR - Limits of Agreement: (-6.925494366376025, 23.914540993875157) (SYS)
2023-12-12 08:08:57 - INFO - SVR - Mean Squared Error: 36.90897046918267 (DIA)
2023-12-12 08:08:57 - INFO - SVR - Mean Absolute Error: 4.862909850425561 (DIA)
2023-12-12 08:08:57 - INFO - SVR - Bias: -3.861560567630841 (DIA)
2023-12-12 08:08:57 - INFO - SVR - Limits of Agreement: (-13.055462806572075, 5.3323416713103935) (DIA)
2023-12-12 18:21:42 - INFO - ----------------------------
2023-12-12 18:21:42 - INFO - Starting ML model (total sys and ppg estimation with svr rbf kernel)
2023-12-12 18:21:43 - INFO - LR - Mean Squared Error: 344.19860784077764 (SYS)
2023-12-12 18:21:43 - INFO - LR - Mean Absolute Error: 15.813040654084501 (SYS)
2023-12-12 18:21:43 - INFO - LR - Bias: 4.803853590571944 (SYS)
2023-12-12 18:21:43 - INFO - LR - Limits of Agreement: (-30.319913010318448, 39.92762019146234) (SYS)
2023-12-12 18:21:43 - INFO - LR - Mean Squared Error: 118.16273139792574 (DIA)
2023-12-12 18:21:43 - INFO - LR - Mean Absolute Error: 7.657390964315234 (DIA)
2023-12-12 18:21:43 - INFO - LR - Bias: 0.012728835068737353 (DIA)
2023-12-12 18:21:43 - INFO - LR - Limits of Agreement: (-21.29348527467231, 21.318942944809788) (DIA)
2023-12-12 18:22:00 - INFO - SVR - Mean Squared Error: 351.05660790367205 (SYS)
2023-12-12 18:22:00 - INFO - SVR - Mean Absolute Error: 15.77901448758658 (SYS)
2023-12-12 18:22:00 - INFO - SVR - Bias: 4.713043921319756 (SYS)
2023-12-12 18:22:00 - INFO - SVR - Limits of Agreement: (-30.83053617131768, 40.25662401395719) (SYS)
2023-12-12 18:22:17 - INFO - SVR - Mean Squared Error: 134.69545353208125 (DIA)
2023-12-12 18:22:17 - INFO - SVR - Mean Absolute Error: 8.207061076130126 (DIA)
2023-12-12 18:22:17 - INFO - SVR - Bias: -0.312029675368729 (DIA)
2023-12-12 18:22:17 - INFO - SVR - Limits of Agreement: (-23.051784309323708, 22.427724958586246) (DIA)
2023-12-13 15:10:23 - INFO - ----------------------------
2023-12-13 15:10:23 - INFO - Starting ML model (total sys and ppg estimation)
2023-12-13 15:10:23 - INFO - LR - MSE: 344.19860784077764, MAE: 15.813040654084501, Bias: 4.803853590571944, LoA: (-30.319913010318448, 39.92762019146234) (SYS)
2023-12-13 15:10:23 - INFO - LR - MSE: 118.16273139792574, MAE: 7.657390964315234, Bias: 0.012728835068737353, LoA: (-21.29348527467231, 21.318942944809788) (DIA)
2023-12-13 15:10:42 - INFO - SVR (rbf) - MSE: 351.05660790367205, MAE: 15.77901448758658, Bias: 4.713043921319756, LoA: (-30.83053617131768, 40.25662401395719) (SYS)
2023-12-13 15:11:00 - INFO - SVR (rbf) - MSE: 134.69545353208125, MAE: 8.207061076130126, Bias: -0.312029675368729, LoA: (-23.051784309323708, 22.427724958586246) (DIA)
2023-12-13 15:17:05 - INFO - ----------------------------
2023-12-13 15:17:05 - INFO - Starting ML model (total sys and ppg estimation)
2023-12-13 15:28:30 - INFO - SVR (poly 3) - MSE: 341.983622353369, MAE: 15.545808968526602, Bias: -0.5438120470011268, LoA: [35.68725444512531, 35.68725444512531] (SYS)
2023-12-13 15:33:15 - INFO - SVR (poly 3) - MSE: 119.14540403931647, MAE: 7.385016865448002, Bias: -2.198804653367758, LoA: [18.757258291610214, 18.757258291610214] (DIA)
2023-12-13 15:51:55 - INFO - ----------------------------
2023-12-13 15:51:55 - INFO - Starting ML model (total sys and ppg estimation)
2023-12-13 15:52:04 - INFO - SVR (sigmoid) - MSE: 315.2806207931889, MAE: 14.91055532229305, R^2: -0.004624009561662756, Bias: 1.2630210385191245, LoA: [35.97772578989405, 35.97772578989405] (SYS)
2023-12-13 15:52:14 - INFO - SVR (sigmoid) - MSE: 118.42609248040108, MAE: 7.380060132971374, R^2: -0.05530554305921287, Bias: -2.5008676794618556, LoA: [18.25821115646548, 18.25821115646548] (DIA)
2023-12-13 16:10:56 - INFO - ----------------------------
2023-12-13 16:10:56 - INFO - Starting ML model (total sys and ppg estimation with Random Forest)
2023-12-13 16:10:58 - INFO - RF - MSE: 637.3273822315938, MAE: 19.991877608425046, R^2: -1.0308079466797793, Bias: 7.816206415405163, LoA: [54.86688341915987, 54.86688341915987] (SYS)
2023-12-13 16:11:01 - INFO - RF - MSE: 183.18640577583815, MAE: 10.017790558519632, R^2: -0.6323905093831355, Bias: -0.11340330579548343, LoA: [26.41418078328507, 26.41418078328507] (DIA)
2023-12-15 17:11:27 - INFO - ----------------------------
2023-12-15 17:11:27 - INFO - Starting ML model (total sys and ppg estimation with Tensorflow ANN) + plotting
2023-12-15 17:12:28 - INFO - TF ANN - MSE: 346.7247184553837 (SYS)
2023-12-15 17:13:29 - INFO - TF ANN - MSE: 115.24208265072811 (DIA)
2023-12-16 15:13:48 - INFO - ----------------------------
2023-12-16 15:13:48 - INFO - Starting ML model (total SYS prediction from SYS+DIA) + plotting
2023-12-16 15:14:38 - INFO - MLR - MSE: 369.27087129404555, MAE: 14.816613719087277, R^2: -0.16205020720103525, Bias: 8.983735043791715, LoA: (-24.31187234098446, 42.27934242856789) (SYS prediction from SYS+DIA)
2023-12-16 15:22:05 - INFO - ----------------------------
2023-12-16 15:22:05 - INFO - Starting ML model (total SYS) + plotting
2023-12-16 15:22:05 - INFO - LR - MSE: 348.7557411106187, MAE: 15.856073065743766, R^2: -0.09749160501054677, Bias: 4.831684203070797, LoA: [40.18923416414897, 40.18923416414897] (SYS)
2023-12-16 15:22:05 - INFO - LR - MSE: 119.28331671776137, MAE: 7.669780033933294, R^2: -0.052334449563151475, Bias: 0.0734874270294821, LoA: [21.480021602415487, 21.480021602415487] (DIA)
2023-12-16 15:22:06 - INFO - MLR - MSE: 369.27087129404555, MAE: 14.816613719087277, R^2: -0.16205020720103525, Bias: 8.983735043791715, LoA: (-24.31187234098446, 42.27934242856789) (SYS from SYS+DIA)
2023-12-16 15:22:16 - INFO - SVR (sigmoid) - MSE: 319.4665406278059, MAE: 14.94971934844192, R^2: -0.005322078152027787, Bias: 1.3004710947530047, LoA: [36.24075391392371, 36.24075391392371] (SYS)
2023-12-16 15:22:26 - INFO - SVR (sigmoid) - MSE: 119.34916468677997, MAE: 7.382529101639997, R^2: -0.052915369746616925, Bias: -2.4516464780402787, LoA: [18.415124404133806, 18.415124404133806] (DIA)
2023-12-16 15:22:29 - INFO - RF - MSE: 640.9501134372141, MAE: 20.008569837634983, R^2: -1.0169915095527648, Bias: 7.823578671950382, LoA: [55.017234153767355, 55.017234153767355] (SYS)
2023-12-16 15:22:32 - INFO - RF - MSE: 184.4154574352386, MAE: 10.028719941515645, R^2: -0.6269394935608119, Bias: -0.036767860189963475, LoA: [26.580495699309026, 26.580495699309026] (DIA)
2023-12-16 15:23:27 - INFO - TF ANN - MSE: 344.0818158963749 (SYS)
2023-12-16 15:24:22 - INFO - TF ANN - MSE: 117.4309383892132 (DIA)2023-12-16 16:28:25 - INFO - ----------------------------