This is pdfTeX, Version 3.141592653-2.6-1.40.22 (TeX Live 2022/dev/Debian) (preloaded format=pdflatex 2023.9.20)  29 FEB 2024 07:42
entering extended mode
 restricted \write18 enabled.
 file:line:error style messages enabled.
 %&-line parsing enabled.
**Thesis.tex
(./Thesis.tex
LaTeX2e <2021-11-15> patch level 1
L3 programming layer <2022-01-21>
(/usr/share/texlive/texmf-dist/tex/latex/koma-script/scrartcl.cls
Document Class: scrartcl 2021/11/13 v3.35 KOMA-Script document class (article)
(/usr/share/texlive/texmf-dist/tex/latex/koma-script/scrkbase.sty
Package: scrkbase 2021/11/13 v3.35 KOMA-Script package (KOMA-Script-dependent b
asics and keyval usage)

(/usr/share/texlive/texmf-dist/tex/latex/koma-script/scrbase.sty
Package: scrbase 2021/11/13 v3.35 KOMA-Script package (KOMA-Script-independent 
basics and keyval usage)

(/usr/share/texlive/texmf-dist/tex/latex/koma-script/scrlfile.sty
Package: scrlfile 2021/11/13 v3.35 KOMA-Script package (file load hooks)

(/usr/share/texlive/texmf-dist/tex/latex/koma-script/scrlfile-hook.sty
Package: scrlfile-hook 2021/11/13 v3.35 KOMA-Script package (using LaTeX hooks)


(/usr/share/texlive/texmf-dist/tex/latex/koma-script/scrlogo.sty
Package: scrlogo 2021/11/13 v3.35 KOMA-Script package (logo)
)))
(/usr/share/texlive/texmf-dist/tex/latex/graphics/keyval.sty
Package: keyval 2014/10/28 v1.15 key=value parser (DPC)
\KV@toks@=\toks16
)
Applying: [2021/05/01] Usage of raw or classic option list on input line 252.
Already applied: [0000/00/00] Usage of raw or classic option list on input line
 368.
))
(/usr/share/texlive/texmf-dist/tex/latex/koma-script/tocbasic.sty
Package: tocbasic 2021/11/13 v3.35 KOMA-Script package (handling toc-files)
\scr@dte@tocline@numberwidth=\skip47
\scr@dte@tocline@numbox=\box50
)
Package tocbasic Info: babel extension for `toc' omitted
(tocbasic)             because of missing \bbl@set@language on input line 135.
Package scrartcl Info: You've used standard option `12pt'.
(scrartcl)             This is correct!
(scrartcl)             Internally I'm using `fontsize=12pt'.
(scrartcl)             If you'd like to set the option with \KOMAoptions,
(scrartcl)             you'd have to use `fontsize=12pt' there
(scrartcl)             instead of `12pt', too.
Class scrartcl Info: File `scrsize12pt.clo' used to setup font sizes on input l
ine 2242.

(/usr/share/texlive/texmf-dist/tex/latex/koma-script/scrsize12pt.clo
File: scrsize12pt.clo 2021/11/13 v3.35 KOMA-Script font size class option (12pt
)
)
(/usr/share/texlive/texmf-dist/tex/latex/koma-script/typearea.sty
Package: typearea 2021/11/13 v3.35 KOMA-Script package (type area)
\ta@bcor=\skip48
\ta@div=\count185
\ta@hblk=\skip49
\ta@vblk=\skip50
\ta@temp=\skip51
\footheight=\skip52
Package typearea Info: These are the values describing the layout:
(typearea)             DIV  = 12
(typearea)             BCOR = 0.0pt
(typearea)             \paperwidth      = 597.50793pt
(typearea)              \textwidth      = 448.13095pt
(typearea)              DIV departure   = -6%
(typearea)              \evensidemargin = 2.4185pt
(typearea)              \oddsidemargin  = 2.4185pt
(typearea)             \paperheight     = 845.04694pt
(typearea)              \textheight     = 635.5pt
(typearea)              \topmargin      = -41.72441pt
(typearea)              \headheight     = 18.125pt
(typearea)              \headsep        = 21.75pt
(typearea)              \topskip        = 12.0pt
(typearea)              \footskip       = 50.75pt
(typearea)              \baselineskip   = 14.5pt
(typearea)              on input line 1743.
)
\c@part=\count186
\c@section=\count187
\c@subsection=\count188
\c@subsubsection=\count189
\c@paragraph=\count190
\c@subparagraph=\count191
\scr@dte@section@maxnumwidth=\skip53
Class scrartcl Info: using compatibility default `runin=bysign'
(scrartcl)           for `\section on input line 4852.
Class scrartcl Info: using compatibility default `afterindent=bysign'
(scrartcl)           for `\section on input line 4852.
\scr@dte@part@maxnumwidth=\skip54
Class scrartcl Info: using compatibility default `afterindent=false'
(scrartcl)           for `\part on input line 4860.
\scr@dte@subsection@maxnumwidth=\skip55
Class scrartcl Info: using compatibility default `runin=bysign'
(scrartcl)           for `\subsection on input line 4870.
Class scrartcl Info: using compatibility default `afterindent=bysign'
(scrartcl)           for `\subsection on input line 4870.
\scr@dte@subsubsection@maxnumwidth=\skip56
Class scrartcl Info: using compatibility default `runin=bysign'
(scrartcl)           for `\subsubsection on input line 4880.
Class scrartcl Info: using compatibility default `afterindent=bysign'
(scrartcl)           for `\subsubsection on input line 4880.
\scr@dte@paragraph@maxnumwidth=\skip57
Class scrartcl Info: using compatibility default `runin=bysign'
(scrartcl)           for `\paragraph on input line 4891.
Class scrartcl Info: using compatibility default `afterindent=bysign'
(scrartcl)           for `\paragraph on input line 4891.
\scr@dte@subparagraph@maxnumwidth=\skip58
Class scrartcl Info: using compatibility default `runin=bysign'
(scrartcl)           for `\subparagraph on input line 4901.
Class scrartcl Info: using compatibility default `afterindent=bysign'
(scrartcl)           for `\subparagraph on input line 4901.
\abovecaptionskip=\skip59
\belowcaptionskip=\skip60
\c@pti@nb@sid@b@x=\box51
Package tocbasic Info: babel extension for `lof' omitted
(tocbasic)             because of missing \bbl@set@language on input line 6076.

\scr@dte@figure@maxnumwidth=\skip61
\c@figure=\count192
Package tocbasic Info: babel extension for `lot' omitted
(tocbasic)             because of missing \bbl@set@language on input line 6091.

\scr@dte@table@maxnumwidth=\skip62
\c@table=\count193
Class scrartcl Info: Redefining `\numberline' on input line 6258.
\bibindent=\dimen138
)
(/usr/share/texlive/texmf-dist/tex/latex/psnfss/mathpazo.sty
Package: mathpazo 2020/03/25 PSNFSS-v9.3 Palatino w/ Pazo Math (D.Puga, WaS) 
\symupright=\mathgroup4
)
(/usr/share/texlive/texmf-dist/tex/latex/acronym/acronym.sty
Package: acronym 2020/04/17 v1.47 Support for acronyms (Tobias Oetiker)

(/usr/share/texlive/texmf-dist/tex/latex/bigfoot/suffix.sty
Package: suffix 2006/07/15 1.5a Variant command support
)
(/usr/share/texlive/texmf-dist/tex/generic/xstring/xstring.sty
(/usr/share/texlive/texmf-dist/tex/generic/xstring/xstring.tex
\integerpart=\count194
\decimalpart=\count195
)
Package: xstring 2021/07/21 v1.84 String manipulations (CT)
)
\AC@clearlist=\toks17
)
(/usr/share/texlive/texmf-dist/tex/latex/base/inputenc.sty
Package: inputenc 2021/02/14 v1.3d Input encoding file
\inpenc@prehook=\toks18
\inpenc@posthook=\toks19
)
(/usr/share/texlive/texmf-dist/tex/latex/graphics/graphicx.sty
Package: graphicx 2021/09/16 v1.2d Enhanced LaTeX Graphics (DPC,SPQR)

(/usr/share/texlive/texmf-dist/tex/latex/graphics/graphics.sty
Package: graphics 2021/03/04 v1.4d Standard LaTeX Graphics (DPC,SPQR)

(/usr/share/texlive/texmf-dist/tex/latex/graphics/trig.sty
Package: trig 2021/08/11 v1.11 sin cos tan (DPC)
)
(/usr/share/texlive/texmf-dist/tex/latex/graphics-cfg/graphics.cfg
File: graphics.cfg 2016/06/04 v1.11 sample graphics configuration
)
Package graphics Info: Driver file: pdftex.def on input line 107.

(/usr/share/texlive/texmf-dist/tex/latex/graphics-def/pdftex.def
File: pdftex.def 2020/10/05 v1.2a Graphics/color driver for pdftex
))
\Gin@req@height=\dimen139
\Gin@req@width=\dimen140
)
(/usr/share/texlive/texmf-dist/tex/latex/wrapfig/wrapfig.sty
\wrapoverhang=\dimen141
\WF@size=\dimen142
\c@WF@wrappedlines=\count196
\WF@box=\box52
\WF@everypar=\toks20
Package: wrapfig 2003/01/31  v 3.6
)
(/usr/share/texlive/texmf-dist/tex/latex/url/url.sty
\Urlmuskip=\muskip16
Package: url 2013/09/16  ver 3.4  Verb mode for urls, etc.
)
(/usr/share/texlive/texmf-dist/tex/latex/setspace/setspace.sty
Package: setspace 2011/12/19 v6.7a set line spacing
)
(/usr/share/texlive/texmf-dist/tex/latex/tabto-ltx/tabto.sty
Package: tabto 2018/12/28  v 1.4  Another tabbing mechanism
\CurrentLineWidth=\dimen143
\TabPrevPos=\dimen144
)
(/usr/share/texlive/texmf-dist/tex/latex/adjustbox/adjustbox.sty
Package: adjustbox 2020/08/19 v1.3 Adjusting TeX boxes (trim, clip, ...)

(/usr/share/texlive/texmf-dist/tex/latex/xkeyval/xkeyval.sty
Package: xkeyval 2020/11/20 v2.8 package option processing (HA)

(/usr/share/texlive/texmf-dist/tex/generic/xkeyval/xkeyval.tex
(/usr/share/texlive/texmf-dist/tex/generic/xkeyval/xkvutils.tex
\XKV@toks=\toks21
\XKV@tempa@toks=\toks22
)
\XKV@depth=\count197
File: xkeyval.tex 2014/12/03 v2.7a key=value parser (HA)
))
(/usr/share/texlive/texmf-dist/tex/latex/adjustbox/adjcalc.sty
Package: adjcalc 2012/05/16 v1.1 Provides advanced setlength with multiple back
-ends (calc, etex, pgfmath)
)
(/usr/share/texlive/texmf-dist/tex/latex/adjustbox/trimclip.sty
Package: trimclip 2020/08/19 v1.2 Trim and clip general TeX material

(/usr/share/texlive/texmf-dist/tex/latex/collectbox/collectbox.sty
Package: collectbox 2012/05/17 v0.4b Collect macro arguments as boxes
\collectedbox=\box53
)
\tc@llx=\dimen145
\tc@lly=\dimen146
\tc@urx=\dimen147
\tc@ury=\dimen148
Package trimclip Info: Using driver 'tc-pdftex.def'.

(/usr/share/texlive/texmf-dist/tex/latex/adjustbox/tc-pdftex.def
File: tc-pdftex.def 2019/01/04 v2.2 Clipping driver for pdftex
))
\adjbox@Width=\dimen149
\adjbox@Height=\dimen150
\adjbox@Depth=\dimen151
\adjbox@Totalheight=\dimen152
\adjbox@pwidth=\dimen153
\adjbox@pheight=\dimen154
\adjbox@pdepth=\dimen155
\adjbox@ptotalheight=\dimen156

(/usr/share/texlive/texmf-dist/tex/latex/ifoddpage/ifoddpage.sty
Package: ifoddpage 2016/04/23 v1.1 Conditionals for odd/even page detection
\c@checkoddpage=\count198
)
(/usr/share/texlive/texmf-dist/tex/latex/varwidth/varwidth.sty
Package: varwidth 2009/03/30 ver 0.92;  Variable-width minipages
\@vwid@box=\box54
\sift@deathcycles=\count199
\@vwid@loff=\dimen157
\@vwid@roff=\dimen158
))
(/usr/share/texlive/texmf-dist/tex/latex/float/float.sty
Package: float 2001/11/08 v1.3d Float enhancements (AL)
\c@float@type=\count266
\float@exts=\toks23
\float@box=\box55
\@float@everytoks=\toks24
\@floatcapt=\box56
)
(/usr/share/texlive/texmf-dist/tex/latex/csquotes/csquotes.sty
Package: csquotes 2021-02-22 v5.2l context-sensitive quotations (JAW)

(/usr/share/texlive/texmf-dist/tex/latex/etoolbox/etoolbox.sty
Package: etoolbox 2020/10/05 v2.5k e-TeX tools for LaTeX (JAW)
\etb@tempcnta=\count267
)
\csq@reset=\count268
\csq@gtype=\count269
\csq@glevel=\count270
\csq@qlevel=\count271
\csq@maxlvl=\count272
\csq@tshold=\count273
\csq@ltx@everypar=\toks25

(/usr/share/texlive/texmf-dist/tex/latex/csquotes/csquotes.def
File: csquotes.def 2021-02-22 v5.2l csquotes generic definitions (JAW)
)
Package csquotes Info: Trying to load configuration file 'csquotes.cfg'...
Package csquotes Info: ... configuration file loaded successfully.

(/usr/share/texlive/texmf-dist/tex/latex/csquotes/csquotes.cfg
File: csquotes.cfg 
))
(/usr/share/texlive/texmf-dist/tex/latex/amsmath/amsmath.sty
Package: amsmath 2021/10/15 v2.17l AMS math features
\@mathmargin=\skip63

For additional information on amsmath, use the `?' option.
(/usr/share/texlive/texmf-dist/tex/latex/amsmath/amstext.sty
Package: amstext 2021/08/26 v2.01 AMS text

(/usr/share/texlive/texmf-dist/tex/latex/amsmath/amsgen.sty
File: amsgen.sty 1999/11/30 v2.0 generic functions
\@emptytoks=\toks26
\ex@=\dimen159
))
(/usr/share/texlive/texmf-dist/tex/latex/amsmath/amsbsy.sty
Package: amsbsy 1999/11/29 v1.2d Bold Symbols
\pmbraise@=\dimen160
)
(/usr/share/texlive/texmf-dist/tex/latex/amsmath/amsopn.sty
Package: amsopn 2021/08/26 v2.02 operator names
)
\inf@bad=\count274
LaTeX Info: Redefining \frac on input line 234.
\uproot@=\count275
\leftroot@=\count276
LaTeX Info: Redefining \overline on input line 399.
\classnum@=\count277
\DOTSCASE@=\count278
LaTeX Info: Redefining \ldots on input line 496.
LaTeX Info: Redefining \dots on input line 499.
LaTeX Info: Redefining \cdots on input line 620.
\Mathstrutbox@=\box57
\strutbox@=\box58
\big@size=\dimen161
LaTeX Font Info:    Redeclaring font encoding OML on input line 743.
LaTeX Font Info:    Redeclaring font encoding OMS on input line 744.
\macc@depth=\count279
\c@MaxMatrixCols=\count280
\dotsspace@=\muskip17
\c@parentequation=\count281
\dspbrk@lvl=\count282
\tag@help=\toks27
\row@=\count283
\column@=\count284
\maxfields@=\count285
\andhelp@=\toks28
\eqnshift@=\dimen162
\alignsep@=\dimen163
\tagshift@=\dimen164
\tagwidth@=\dimen165
\totwidth@=\dimen166
\lineht@=\dimen167
\@envbody=\toks29
\multlinegap=\skip64
\multlinetaggap=\skip65
\mathdisplay@stack=\toks30
LaTeX Info: Redefining \[ on input line 2938.
LaTeX Info: Redefining \] on input line 2939.
)
(/usr/share/texlive/texmf-dist/tex/latex/tools/multicol.sty
Package: multicol 2021/10/28 v1.9b multicolumn formatting (FMi)
\c@tracingmulticols=\count286
\mult@box=\box59
\multicol@leftmargin=\dimen168
\c@unbalance=\count287
\c@collectmore=\count288
\doublecol@number=\count289
\multicoltolerance=\count290
\multicolpretolerance=\count291
\full@width=\dimen169
\page@free=\dimen170
\premulticols=\dimen171
\postmulticols=\dimen172
\multicolsep=\skip66
\multicolbaselineskip=\skip67
\partial@page=\box60
\last@line=\box61
\maxbalancingoverflow=\dimen173
\mult@rightbox=\box62
\mult@grightbox=\box63
\mult@firstbox=\box64
\mult@gfirstbox=\box65
\@tempa=\box66
\@tempa=\box67
\@tempa=\box68
\@tempa=\box69
\@tempa=\box70
\@tempa=\box71
\@tempa=\box72
\@tempa=\box73
\@tempa=\box74
\@tempa=\box75
\@tempa=\box76
\@tempa=\box77
\@tempa=\box78
\@tempa=\box79
\@tempa=\box80
\@tempa=\box81
\@tempa=\box82
\@tempa=\box83
\@tempa=\box84
\@tempa=\box85
\@tempa=\box86
\@tempa=\box87
\@tempa=\box88
\@tempa=\box89
\@tempa=\box90
\@tempa=\box91
\@tempa=\box92
\@tempa=\box93
\@tempa=\box94
\@tempa=\box95
\@tempa=\box96
\@tempa=\box97
\@tempa=\box98
\@tempa=\box99
\@tempa=\box100
\@tempa=\box101
\c@minrows=\count292
\c@columnbadness=\count293
\c@finalcolumnbadness=\count294
\last@try=\dimen174
\multicolovershoot=\dimen175
\multicolundershoot=\dimen176
\mult@nat@firstbox=\box102
\colbreak@box=\box103
\mc@col@check@num=\count295
)
(/usr/share/texlive/texmf-dist/tex/latex/listings/listings.sty
\lst@mode=\count296
\lst@gtempboxa=\box104
\lst@token=\toks31
\lst@length=\count297
\lst@currlwidth=\dimen177
\lst@column=\count298
\lst@pos=\count299
\lst@lostspace=\dimen178
\lst@width=\dimen179
\lst@newlines=\count300
\lst@lineno=\count301
\lst@maxwidth=\dimen180

(/usr/share/texlive/texmf-dist/tex/latex/listings/lstmisc.sty
File: lstmisc.sty 2020/03/24 1.8d (Carsten Heinz)
\c@lstnumber=\count302
\lst@skipnumbers=\count303
\lst@framebox=\box105
)
(/usr/share/texlive/texmf-dist/tex/latex/listings/listings.cfg
File: listings.cfg 2020/03/24 1.8d listings configuration
))
Package: listings 2020/03/24 1.8d (Carsten Heinz)

(/usr/share/texlive/texmf-dist/tex/latex/tools/array.sty
Package: array 2021/10/04 v2.5f Tabular extension package (FMi)
\col@sep=\dimen181
\ar@mcellbox=\box106
\extrarowheight=\dimen182
\NC@list=\toks32
\extratabsurround=\skip68
\backup@length=\skip69
\ar@cellbox=\box107
)
(/usr/share/texlive/texmf-dist/tex/latex/caption/caption.sty
Package: caption 2020/10/26 v3.5g Customizing captions (AR)

(/usr/share/texlive/texmf-dist/tex/latex/caption/caption3.sty
Package: caption3 2020/10/21 v2.2e caption3 kernel (AR)
\captionmargin=\dimen183
\captionmargin@=\dimen184
\captionwidth=\dimen185
\caption@tempdima=\dimen186
\caption@indent=\dimen187
\caption@parindent=\dimen188
\caption@hangindent=\dimen189
Package caption Info: KOMA-Script document class detected.

(/usr/share/texlive/texmf-dist/tex/latex/caption/caption-koma.sto
File: caption-koma.sto 2020/09/21 v2.0b Adaption of the caption package to the 
KOMA-Script document classes (AR)
))
\c@caption@flags=\count304
\c@continuedfloat=\count305
Package caption Info: float package is loaded.
Package caption Info: listings package is loaded.
Package caption Info: wrapfig package is loaded.
)
(/usr/share/texlive/texmf-dist/tex/latex/caption/subcaption.sty
Package: subcaption 2020/10/07 v1.3j Sub-captions (AR)
\c@subfigure=\count306
\c@subtable=\count307
)
(/usr/share/texlive/texmf-dist/tex/latex/graphics/rotating.sty
Package: rotating 2016/08/11 v2.16d rotated objects in LaTeX

(/usr/share/texlive/texmf-dist/tex/latex/base/ifthen.sty
Package: ifthen 2020/11/24 v1.1c Standard LaTeX ifthen package (DPC)
)
\c@r@tfl@t=\count308
\rotFPtop=\skip70
\rotFPbot=\skip71
\rot@float@box=\box108
\rot@mess@toks=\toks33
)
(/usr/share/texlive/texmf-dist/tex/latex/hyperref/hyperref.sty
Package: hyperref 2021-06-07 v7.00m Hypertext links for LaTeX

(/usr/share/texlive/texmf-dist/tex/generic/ltxcmds/ltxcmds.sty
Package: ltxcmds 2020-05-10 v1.25 LaTeX kernel commands for general use (HO)
)
(/usr/share/texlive/texmf-dist/tex/generic/iftex/iftex.sty
Package: iftex 2020/03/06 v1.0d TeX engine tests
)
(/usr/share/texlive/texmf-dist/tex/generic/pdftexcmds/pdftexcmds.sty
Package: pdftexcmds 2020-06-27 v0.33 Utility functions of pdfTeX for LuaTeX (HO
)

(/usr/share/texlive/texmf-dist/tex/generic/infwarerr/infwarerr.sty
Package: infwarerr 2019/12/03 v1.5 Providing info/warning/error messages (HO)
)
Package pdftexcmds Info: \pdf@primitive is available.
Package pdftexcmds Info: \pdf@ifprimitive is available.
Package pdftexcmds Info: \pdfdraftmode found.
)
(/usr/share/texlive/texmf-dist/tex/generic/kvsetkeys/kvsetkeys.sty
Package: kvsetkeys 2019/12/15 v1.18 Key value parser (HO)
)
(/usr/share/texlive/texmf-dist/tex/generic/kvdefinekeys/kvdefinekeys.sty
Package: kvdefinekeys 2019-12-19 v1.6 Define keys (HO)
)
(/usr/share/texlive/texmf-dist/tex/generic/pdfescape/pdfescape.sty
Package: pdfescape 2019/12/09 v1.15 Implements pdfTeX's escape features (HO)
)
(/usr/share/texlive/texmf-dist/tex/latex/hycolor/hycolor.sty
Package: hycolor 2020-01-27 v1.10 Color options for hyperref/bookmark (HO)
)
(/usr/share/texlive/texmf-dist/tex/latex/letltxmacro/letltxmacro.sty
Package: letltxmacro 2019/12/03 v1.6 Let assignment for LaTeX macros (HO)
)
(/usr/share/texlive/texmf-dist/tex/latex/auxhook/auxhook.sty
Package: auxhook 2019-12-17 v1.6 Hooks for auxiliary files (HO)
)
(/usr/share/texlive/texmf-dist/tex/latex/kvoptions/kvoptions.sty
Package: kvoptions 2020-10-07 v3.14 Key value format for package options (HO)
)
\@linkdim=\dimen190
\Hy@linkcounter=\count309
\Hy@pagecounter=\count310

(/usr/share/texlive/texmf-dist/tex/latex/hyperref/pd1enc.def
File: pd1enc.def 2021-06-07 v7.00m Hyperref: PDFDocEncoding definition (HO)
Now handling font encoding PD1 ...
... no UTF-8 mapping file for font encoding PD1
)
(/usr/share/texlive/texmf-dist/tex/latex/hyperref/hyperref-langpatches.def
File: hyperref-langpatches.def 2021-06-07 v7.00m Hyperref: patches for babel la
nguages
)
(/usr/share/texlive/texmf-dist/tex/generic/intcalc/intcalc.sty
Package: intcalc 2019/12/15 v1.3 Expandable calculations with integers (HO)
)
(/usr/share/texlive/texmf-dist/tex/generic/etexcmds/etexcmds.sty
Package: etexcmds 2019/12/15 v1.7 Avoid name clashes with e-TeX commands (HO)
)
\Hy@SavedSpaceFactor=\count311

(/usr/share/texlive/texmf-dist/tex/latex/hyperref/puenc.def
File: puenc.def 2021-06-07 v7.00m Hyperref: PDF Unicode definition (HO)
Now handling font encoding PU ...
... no UTF-8 mapping file for font encoding PU
)
Package hyperref Info: Hyper figures OFF on input line 4192.
Package hyperref Info: Link nesting OFF on input line 4197.
Package hyperref Info: Hyper index ON on input line 4200.
Package hyperref Info: Plain pages OFF on input line 4207.
Package hyperref Info: Backreferencing OFF on input line 4212.
Package hyperref Info: Implicit mode ON; LaTeX internals redefined.
Package hyperref Info: Bookmarks ON on input line 4445.
\c@Hy@tempcnt=\count312
LaTeX Info: Redefining \url on input line 4804.
\XeTeXLinkMargin=\dimen191

(/usr/share/texlive/texmf-dist/tex/generic/bitset/bitset.sty
Package: bitset 2019/12/09 v1.3 Handle bit-vector datatype (HO)

(/usr/share/texlive/texmf-dist/tex/generic/bigintcalc/bigintcalc.sty
Package: bigintcalc 2019/12/15 v1.5 Expandable calculations on big integers (HO
)
))
\Fld@menulength=\count313
\Field@Width=\dimen192
\Fld@charsize=\dimen193
Package hyperref Info: Hyper figures OFF on input line 6076.
Package hyperref Info: Link nesting OFF on input line 6081.
Package hyperref Info: Hyper index ON on input line 6084.
Package hyperref Info: backreferencing OFF on input line 6091.
Package hyperref Info: Link coloring OFF on input line 6096.
Package hyperref Info: Link coloring with OCG OFF on input line 6101.
Package hyperref Info: PDF/A mode OFF on input line 6106.
LaTeX Info: Redefining \ref on input line 6146.
LaTeX Info: Redefining \pageref on input line 6150.

(/usr/share/texlive/texmf-dist/tex/latex/base/atbegshi-ltx.sty
Package: atbegshi-ltx 2021/01/10 v1.0c Emulation of the original atbegshi
package with kernel methods
)
\Hy@abspage=\count314
\c@Item=\count315
\c@Hfootnote=\count316
)
Package hyperref Info: Driver (autodetected): hpdftex.

(/usr/share/texlive/texmf-dist/tex/latex/hyperref/hpdftex.def
File: hpdftex.def 2021-06-07 v7.00m Hyperref driver for pdfTeX

(/usr/share/texlive/texmf-dist/tex/latex/base/atveryend-ltx.sty
Package: atveryend-ltx 2020/08/19 v1.0a Emulation of the original atveryend pac
kage
with kernel methods
)
\Fld@listcount=\count317
\c@bookmark@seq@number=\count318

(/usr/share/texlive/texmf-dist/tex/latex/rerunfilecheck/rerunfilecheck.sty
Package: rerunfilecheck 2019/12/05 v1.9 Rerun checks for auxiliary files (HO)

(/usr/share/texlive/texmf-dist/tex/generic/uniquecounter/uniquecounter.sty
Package: uniquecounter 2019/12/15 v1.4 Provide unlimited unique counter (HO)
)
Package uniquecounter Info: New unique counter `rerunfilecheck' on input line 2
86.
)
\Hy@SectionHShift=\skip72
)
(/usr/share/texlive/texmf-dist/tex/latex/xcolor/xcolor.sty
Package: xcolor 2021/10/31 v2.13 LaTeX color extensions (UK)

(/usr/share/texlive/texmf-dist/tex/latex/graphics-cfg/color.cfg
File: color.cfg 2016/01/02 v1.6 sample color configuration
)
Package xcolor Info: Driver file: pdftex.def on input line 227.

(/usr/share/texlive/texmf-dist/tex/latex/colortbl/colortbl.sty
Package: colortbl 2020/01/04 v1.0e Color table columns (DPC)
\everycr=\toks34
\minrowclearance=\skip73
)
\rownum=\count319
Package xcolor Info: Model `cmy' substituted by `cmy0' on input line 1352.
Package xcolor Info: Model `hsb' substituted by `rgb' on input line 1356.
Package xcolor Info: Model `RGB' extended on input line 1368.
Package xcolor Info: Model `HTML' substituted by `rgb' on input line 1370.
Package xcolor Info: Model `Hsb' substituted by `hsb' on input line 1371.
Package xcolor Info: Model `tHsb' substituted by `hsb' on input line 1372.
Package xcolor Info: Model `HSB' substituted by `hsb' on input line 1373.
Package xcolor Info: Model `Gray' substituted by `gray' on input line 1374.
Package xcolor Info: Model `wave' substituted by `hsb' on input line 1375.
)
(/usr/share/texlive/texmf-dist/tex/latex/pgfplots/pgfplots.sty
(/usr/share/texlive/texmf-dist/tex/generic/pgfplots/pgfplots.revision.tex)
Package: pgfplots 2021/05/15 v1.18.1 Data Visualization (1.18.1)

(/usr/share/texlive/texmf-dist/tex/latex/pgf/frontendlayer/tikz.sty
(/usr/share/texlive/texmf-dist/tex/latex/pgf/basiclayer/pgf.sty
(/usr/share/texlive/texmf-dist/tex/latex/pgf/utilities/pgfrcs.sty
(/usr/share/texlive/texmf-dist/tex/generic/pgf/utilities/pgfutil-common.tex
\pgfutil@everybye=\toks35
\pgfutil@tempdima=\dimen194
\pgfutil@tempdimb=\dimen195

(/usr/share/texlive/texmf-dist/tex/generic/pgf/utilities/pgfutil-common-lists.t
ex)) (/usr/share/texlive/texmf-dist/tex/generic/pgf/utilities/pgfutil-latex.def
\pgfutil@abb=\box109
) (/usr/share/texlive/texmf-dist/tex/generic/pgf/utilities/pgfrcs.code.tex
(/usr/share/texlive/texmf-dist/tex/generic/pgf/pgf.revision.tex)
Package: pgfrcs 2021/05/15 v3.1.9a (3.1.9a)
))
Package: pgf 2021/05/15 v3.1.9a (3.1.9a)

(/usr/share/texlive/texmf-dist/tex/latex/pgf/basiclayer/pgfcore.sty
(/usr/share/texlive/texmf-dist/tex/latex/pgf/systemlayer/pgfsys.sty
(/usr/share/texlive/texmf-dist/tex/generic/pgf/systemlayer/pgfsys.code.tex
Package: pgfsys 2021/05/15 v3.1.9a (3.1.9a)

(/usr/share/texlive/texmf-dist/tex/generic/pgf/utilities/pgfkeys.code.tex
\pgfkeys@pathtoks=\toks36
\pgfkeys@temptoks=\toks37

(/usr/share/texlive/texmf-dist/tex/generic/pgf/utilities/pgfkeysfiltered.code.t
ex
\pgfkeys@tmptoks=\toks38
))
\pgf@x=\dimen196
\pgf@y=\dimen197
\pgf@xa=\dimen198
\pgf@ya=\dimen199
\pgf@xb=\dimen256
\pgf@yb=\dimen257
\pgf@xc=\dimen258
\pgf@yc=\dimen259
\pgf@xd=\dimen260
\pgf@yd=\dimen261
\w@pgf@writea=\write3
\r@pgf@reada=\read2
\c@pgf@counta=\count320
\c@pgf@countb=\count321
\c@pgf@countc=\count322
\c@pgf@countd=\count323
\t@pgf@toka=\toks39
\t@pgf@tokb=\toks40
\t@pgf@tokc=\toks41
\pgf@sys@id@count=\count324
 (/usr/share/texlive/texmf-dist/tex/generic/pgf/systemlayer/pgf.cfg
File: pgf.cfg 2021/05/15 v3.1.9a (3.1.9a)
)
Driver file for pgf: pgfsys-pdftex.def

(/usr/share/texlive/texmf-dist/tex/generic/pgf/systemlayer/pgfsys-pdftex.def
File: pgfsys-pdftex.def 2021/05/15 v3.1.9a (3.1.9a)

(/usr/share/texlive/texmf-dist/tex/generic/pgf/systemlayer/pgfsys-common-pdf.de
f
File: pgfsys-common-pdf.def 2021/05/15 v3.1.9a (3.1.9a)
)))
(/usr/share/texlive/texmf-dist/tex/generic/pgf/systemlayer/pgfsyssoftpath.code.
tex
File: pgfsyssoftpath.code.tex 2021/05/15 v3.1.9a (3.1.9a)
\pgfsyssoftpath@smallbuffer@items=\count325
\pgfsyssoftpath@bigbuffer@items=\count326
)
(/usr/share/texlive/texmf-dist/tex/generic/pgf/systemlayer/pgfsysprotocol.code.
tex
File: pgfsysprotocol.code.tex 2021/05/15 v3.1.9a (3.1.9a)
))
(/usr/share/texlive/texmf-dist/tex/generic/pgf/basiclayer/pgfcore.code.tex
Package: pgfcore 2021/05/15 v3.1.9a (3.1.9a)

(/usr/share/texlive/texmf-dist/tex/generic/pgf/math/pgfmath.code.tex
(/usr/share/texlive/texmf-dist/tex/generic/pgf/math/pgfmathcalc.code.tex
(/usr/share/texlive/texmf-dist/tex/generic/pgf/math/pgfmathutil.code.tex)
(/usr/share/texlive/texmf-dist/tex/generic/pgf/math/pgfmathparser.code.tex
\pgfmath@dimen=\dimen262
\pgfmath@count=\count327
\pgfmath@box=\box110
\pgfmath@toks=\toks42
\pgfmath@stack@operand=\toks43
\pgfmath@stack@operation=\toks44
)
(/usr/share/texlive/texmf-dist/tex/generic/pgf/math/pgfmathfunctions.code.tex
(/usr/share/texlive/texmf-dist/tex/generic/pgf/math/pgfmathfunctions.basic.code
.tex)
(/usr/share/texlive/texmf-dist/tex/generic/pgf/math/pgfmathfunctions.trigonomet
ric.code.tex)
(/usr/share/texlive/texmf-dist/tex/generic/pgf/math/pgfmathfunctions.random.cod
e.tex)
(/usr/share/texlive/texmf-dist/tex/generic/pgf/math/pgfmathfunctions.comparison
.code.tex)
(/usr/share/texlive/texmf-dist/tex/generic/pgf/math/pgfmathfunctions.base.code.
tex)
(/usr/share/texlive/texmf-dist/tex/generic/pgf/math/pgfmathfunctions.round.code
.tex)
(/usr/share/texlive/texmf-dist/tex/generic/pgf/math/pgfmathfunctions.misc.code.
tex)
(/usr/share/texlive/texmf-dist/tex/generic/pgf/math/pgfmathfunctions.integerari
thmetics.code.tex)))
(/usr/share/texlive/texmf-dist/tex/generic/pgf/math/pgfmathfloat.code.tex
\c@pgfmathroundto@lastzeros=\count328
))
(/usr/share/texlive/texmf-dist/tex/generic/pgf/math/pgfint.code.tex)
(/usr/share/texlive/texmf-dist/tex/generic/pgf/basiclayer/pgfcorepoints.code.te
x
File: pgfcorepoints.code.tex 2021/05/15 v3.1.9a (3.1.9a)
\pgf@picminx=\dimen263
\pgf@picmaxx=\dimen264
\pgf@picminy=\dimen265
\pgf@picmaxy=\dimen266
\pgf@pathminx=\dimen267
\pgf@pathmaxx=\dimen268
\pgf@pathminy=\dimen269
\pgf@pathmaxy=\dimen270
\pgf@xx=\dimen271
\pgf@xy=\dimen272
\pgf@yx=\dimen273
\pgf@yy=\dimen274
\pgf@zx=\dimen275
\pgf@zy=\dimen276
)
(/usr/share/texlive/texmf-dist/tex/generic/pgf/basiclayer/pgfcorepathconstruct.
code.tex
File: pgfcorepathconstruct.code.tex 2021/05/15 v3.1.9a (3.1.9a)
\pgf@path@lastx=\dimen277
\pgf@path@lasty=\dimen278
)
(/usr/share/texlive/texmf-dist/tex/generic/pgf/basiclayer/pgfcorepathusage.code
.tex
File: pgfcorepathusage.code.tex 2021/05/15 v3.1.9a (3.1.9a)
\pgf@shorten@end@additional=\dimen279
\pgf@shorten@start@additional=\dimen280
)
(/usr/share/texlive/texmf-dist/tex/generic/pgf/basiclayer/pgfcorescopes.code.te
x
File: pgfcorescopes.code.tex 2021/05/15 v3.1.9a (3.1.9a)
\pgfpic=\box111
\pgf@hbox=\box112
\pgf@layerbox@main=\box113
\pgf@picture@serial@count=\count329
)
(/usr/share/texlive/texmf-dist/tex/generic/pgf/basiclayer/pgfcoregraphicstate.c
ode.tex
File: pgfcoregraphicstate.code.tex 2021/05/15 v3.1.9a (3.1.9a)
\pgflinewidth=\dimen281
)
(/usr/share/texlive/texmf-dist/tex/generic/pgf/basiclayer/pgfcoretransformation
s.code.tex
File: pgfcoretransformations.code.tex 2021/05/15 v3.1.9a (3.1.9a)
\pgf@pt@x=\dimen282
\pgf@pt@y=\dimen283
\pgf@pt@temp=\dimen284
)
(/usr/share/texlive/texmf-dist/tex/generic/pgf/basiclayer/pgfcorequick.code.tex
File: pgfcorequick.code.tex 2021/05/15 v3.1.9a (3.1.9a)
)
(/usr/share/texlive/texmf-dist/tex/generic/pgf/basiclayer/pgfcoreobjects.code.t
ex
File: pgfcoreobjects.code.tex 2021/05/15 v3.1.9a (3.1.9a)
)
(/usr/share/texlive/texmf-dist/tex/generic/pgf/basiclayer/pgfcorepathprocessing
.code.tex
File: pgfcorepathprocessing.code.tex 2021/05/15 v3.1.9a (3.1.9a)
)
(/usr/share/texlive/texmf-dist/tex/generic/pgf/basiclayer/pgfcorearrows.code.te
x
File: pgfcorearrows.code.tex 2021/05/15 v3.1.9a (3.1.9a)
\pgfarrowsep=\dimen285
)
(/usr/share/texlive/texmf-dist/tex/generic/pgf/basiclayer/pgfcoreshade.code.tex
File: pgfcoreshade.code.tex 2021/05/15 v3.1.9a (3.1.9a)
\pgf@max=\dimen286
\pgf@sys@shading@range@num=\count330
\pgf@shadingcount=\count331
)
(/usr/share/texlive/texmf-dist/tex/generic/pgf/basiclayer/pgfcoreimage.code.tex
File: pgfcoreimage.code.tex 2021/05/15 v3.1.9a (3.1.9a)

(/usr/share/texlive/texmf-dist/tex/generic/pgf/basiclayer/pgfcoreexternal.code.
tex
File: pgfcoreexternal.code.tex 2021/05/15 v3.1.9a (3.1.9a)
\pgfexternal@startupbox=\box114
))
(/usr/share/texlive/texmf-dist/tex/generic/pgf/basiclayer/pgfcorelayers.code.te
x
File: pgfcorelayers.code.tex 2021/05/15 v3.1.9a (3.1.9a)
)
(/usr/share/texlive/texmf-dist/tex/generic/pgf/basiclayer/pgfcoretransparency.c
ode.tex
File: pgfcoretransparency.code.tex 2021/05/15 v3.1.9a (3.1.9a)
)
(/usr/share/texlive/texmf-dist/tex/generic/pgf/basiclayer/pgfcorepatterns.code.
tex
File: pgfcorepatterns.code.tex 2021/05/15 v3.1.9a (3.1.9a)
)
(/usr/share/texlive/texmf-dist/tex/generic/pgf/basiclayer/pgfcorerdf.code.tex
File: pgfcorerdf.code.tex 2021/05/15 v3.1.9a (3.1.9a)
)))
(/usr/share/texlive/texmf-dist/tex/generic/pgf/modules/pgfmoduleshapes.code.tex
File: pgfmoduleshapes.code.tex 2021/05/15 v3.1.9a (3.1.9a)
\pgfnodeparttextbox=\box115
) (/usr/share/texlive/texmf-dist/tex/generic/pgf/modules/pgfmoduleplot.code.tex
File: pgfmoduleplot.code.tex 2021/05/15 v3.1.9a (3.1.9a)
)
(/usr/share/texlive/texmf-dist/tex/latex/pgf/compatibility/pgfcomp-version-0-65
.sty
Package: pgfcomp-version-0-65 2021/05/15 v3.1.9a (3.1.9a)
\pgf@nodesepstart=\dimen287
\pgf@nodesepend=\dimen288
)
(/usr/share/texlive/texmf-dist/tex/latex/pgf/compatibility/pgfcomp-version-1-18
.sty
Package: pgfcomp-version-1-18 2021/05/15 v3.1.9a (3.1.9a)
)) (/usr/share/texlive/texmf-dist/tex/latex/pgf/utilities/pgffor.sty
(/usr/share/texlive/texmf-dist/tex/latex/pgf/utilities/pgfkeys.sty
(/usr/share/texlive/texmf-dist/tex/generic/pgf/utilities/pgfkeys.code.tex))
(/usr/share/texlive/texmf-dist/tex/latex/pgf/math/pgfmath.sty
(/usr/share/texlive/texmf-dist/tex/generic/pgf/math/pgfmath.code.tex))
(/usr/share/texlive/texmf-dist/tex/generic/pgf/utilities/pgffor.code.tex
Package: pgffor 2021/05/15 v3.1.9a (3.1.9a)

(/usr/share/texlive/texmf-dist/tex/generic/pgf/math/pgfmath.code.tex)
\pgffor@iter=\dimen289
\pgffor@skip=\dimen290
\pgffor@stack=\toks45
\pgffor@toks=\toks46
))
(/usr/share/texlive/texmf-dist/tex/generic/pgf/frontendlayer/tikz/tikz.code.tex
Package: tikz 2021/05/15 v3.1.9a (3.1.9a)

(/usr/share/texlive/texmf-dist/tex/generic/pgf/libraries/pgflibraryplothandlers
.code.tex
File: pgflibraryplothandlers.code.tex 2021/05/15 v3.1.9a (3.1.9a)
\pgf@plot@mark@count=\count332
\pgfplotmarksize=\dimen291
)
\tikz@lastx=\dimen292
\tikz@lasty=\dimen293
\tikz@lastxsaved=\dimen294
\tikz@lastysaved=\dimen295
\tikz@lastmovetox=\dimen296
\tikz@lastmovetoy=\dimen297
\tikzleveldistance=\dimen298
\tikzsiblingdistance=\dimen299
\tikz@figbox=\box116
\tikz@figbox@bg=\box117
\tikz@tempbox=\box118
\tikz@tempbox@bg=\box119
\tikztreelevel=\count333
\tikznumberofchildren=\count334
\tikznumberofcurrentchild=\count335
\tikz@fig@count=\count336

(/usr/share/texlive/texmf-dist/tex/generic/pgf/modules/pgfmodulematrix.code.tex
File: pgfmodulematrix.code.tex 2021/05/15 v3.1.9a (3.1.9a)
\pgfmatrixcurrentrow=\count337
\pgfmatrixcurrentcolumn=\count338
\pgf@matrix@numberofcolumns=\count339
)
\tikz@expandcount=\count340

(/usr/share/texlive/texmf-dist/tex/generic/pgf/frontendlayer/tikz/libraries/tik
zlibrarytopaths.code.tex
File: tikzlibrarytopaths.code.tex 2021/05/15 v3.1.9a (3.1.9a)
)))
(/usr/share/texlive/texmf-dist/tex/generic/pgfplots/pgfplots.code.tex
(/usr/share/texlive/texmf-dist/tex/generic/pgfplots/pgfplotscore.code.tex
\t@pgfplots@toka=\toks47
\t@pgfplots@tokb=\toks48
\t@pgfplots@tokc=\toks49
\pgfplots@tmpa=\dimen300
\c@pgfplots@coordindex=\count341
\c@pgfplots@scanlineindex=\count342

(/usr/share/texlive/texmf-dist/tex/generic/pgfplots/sys/pgfplotssysgeneric.code
.tex))
(/usr/share/texlive/texmf-dist/tex/generic/pgfplots/libs/pgfplotslibrary.code.t
ex)
(/usr/share/texlive/texmf-dist/tex/generic/pgfplots/oldpgfcompatib/pgfplotsoldp
gfsupp_loader.code.tex
(/usr/share/texlive/texmf-dist/tex/generic/pgf/libraries/pgflibraryfpu.code.tex
))
(/usr/share/texlive/texmf-dist/tex/generic/pgfplots/util/pgfplotsutil.code.tex
(/usr/share/texlive/texmf-dist/tex/generic/pgfplots/liststructure/pgfplotslists
tructure.code.tex)
(/usr/share/texlive/texmf-dist/tex/generic/pgfplots/liststructure/pgfplotslists
tructureext.code.tex)
(/usr/share/texlive/texmf-dist/tex/generic/pgfplots/liststructure/pgfplotsarray
.code.tex
\c@pgfplotsarray@tmp=\count343
)
(/usr/share/texlive/texmf-dist/tex/generic/pgfplots/liststructure/pgfplotsmatri
x.code.tex)
(/usr/share/texlive/texmf-dist/tex/generic/pgfplots/numtable/pgfplotstableshare
d.code.tex
\c@pgfplotstable@counta=\count344
\t@pgfplotstable@a=\toks50
)
(/usr/share/texlive/texmf-dist/tex/generic/pgfplots/liststructure/pgfplotsdeque
.code.tex)
(/usr/share/texlive/texmf-dist/tex/generic/pgfplots/util/pgfplotsbinary.code.te
x
(/usr/share/texlive/texmf-dist/tex/generic/pgfplots/util/pgfplotsbinary.data.co
de.tex))
(/usr/share/texlive/texmf-dist/tex/generic/pgfplots/util/pgfplotsutil.verb.code
.tex)
(/usr/share/texlive/texmf-dist/tex/generic/pgfplots/libs/pgflibrarypgfplots.sur
fshading.code.tex
\c@pgfplotslibrarysurf@no=\count345

(/usr/share/texlive/texmf-dist/tex/generic/pgfplots/sys/pgflibrarypgfplots.surf
shading.pgfsys-pdftex.def)))
(/usr/share/texlive/texmf-dist/tex/generic/pgfplots/util/pgfplotscolormap.code.
tex
(/usr/share/texlive/texmf-dist/tex/generic/pgfplots/util/pgfplotscolor.code.tex
))
(/usr/share/texlive/texmf-dist/tex/generic/pgfplots/pgfplotsstackedplots.code.t
ex)
(/usr/share/texlive/texmf-dist/tex/generic/pgfplots/pgfplotsplothandlers.code.t
ex
(/usr/share/texlive/texmf-dist/tex/generic/pgfplots/pgfplotsmeshplothandler.cod
e.tex
(/usr/share/texlive/texmf-dist/tex/generic/pgfplots/pgfplotsmeshplotimage.code.
tex)))
(/usr/share/texlive/texmf-dist/tex/generic/pgfplots/pgfplots.scaling.code.tex)
(/usr/share/texlive/texmf-dist/tex/generic/pgfplots/pgfplotscoordprocessing.cod
e.tex)
(/usr/share/texlive/texmf-dist/tex/generic/pgfplots/pgfplots.errorbars.code.tex
) (/usr/share/texlive/texmf-dist/tex/generic/pgfplots/pgfplots.markers.code.tex
) (/usr/share/texlive/texmf-dist/tex/generic/pgfplots/pgfplotsticks.code.tex)
(/usr/share/texlive/texmf-dist/tex/generic/pgfplots/pgfplots.paths.code.tex)
(/usr/share/texlive/texmf-dist/tex/generic/pgf/frontendlayer/tikz/libraries/tik
zlibrarydecorations.code.tex
(/usr/share/texlive/texmf-dist/tex/generic/pgf/modules/pgfmoduledecorations.cod
e.tex
\pgfdecoratedcompleteddistance=\dimen301
\pgfdecoratedremainingdistance=\dimen302
\pgfdecoratedinputsegmentcompleteddistance=\dimen303
\pgfdecoratedinputsegmentremainingdistance=\dimen304
\pgf@decorate@distancetomove=\dimen305
\pgf@decorate@repeatstate=\count346
\pgfdecorationsegmentamplitude=\dimen306
\pgfdecorationsegmentlength=\dimen307
)
\tikz@lib@dec@box=\box120
)
(/usr/share/texlive/texmf-dist/tex/generic/pgf/frontendlayer/tikz/libraries/tik
zlibrarydecorations.pathmorphing.code.tex
(/usr/share/texlive/texmf-dist/tex/generic/pgf/libraries/decorations/pgflibrary
decorations.pathmorphing.code.tex))
(/usr/share/texlive/texmf-dist/tex/generic/pgf/frontendlayer/tikz/libraries/tik
zlibrarydecorations.pathreplacing.code.tex
(/usr/share/texlive/texmf-dist/tex/generic/pgf/libraries/decorations/pgflibrary
decorations.pathreplacing.code.tex))
(/usr/share/texlive/texmf-dist/tex/generic/pgfplots/libs/tikzlibrarypgfplots.co
ntourlua.code.tex)
\pgfplots@numplots=\count347
\pgfplots@xmin@reg=\dimen308
\pgfplots@xmax@reg=\dimen309
\pgfplots@ymin@reg=\dimen310
\pgfplots@ymax@reg=\dimen311
\pgfplots@zmin@reg=\dimen312
\pgfplots@zmax@reg=\dimen313
)
(/usr/share/texlive/texmf-dist/tex/generic/pgf/frontendlayer/tikz/libraries/tik
zlibraryplotmarks.code.tex
File: tikzlibraryplotmarks.code.tex 2021/05/15 v3.1.9a (3.1.9a)

(/usr/share/texlive/texmf-dist/tex/generic/pgf/libraries/pgflibraryplotmarks.co
de.tex
File: pgflibraryplotmarks.code.tex 2021/05/15 v3.1.9a (3.1.9a)
))) (/usr/share/texlive/texmf-dist/tex/latex/sttools/floatpag.sty
Package: floatpag 2021/10/04 v2.0 Different pagestyles on float pages
)
(/usr/share/texlive/texmf-dist/tex/latex/enumitem/enumitem.sty
Package: enumitem 2019/06/20 v3.9 Customized lists
\labelindent=\skip74
\enit@outerparindent=\dimen314
\enit@toks=\toks51
\enit@inbox=\box121
\enit@count@id=\count348
\enitdp@description=\count349
)
Package csquotes Info: Checking for multilingual support...
Package csquotes Info: ... none found.
LaTeX Font Info:    Trying to load font information for OT1+ppl on input line 3
0.

(/usr/share/texlive/texmf-dist/tex/latex/psnfss/ot1ppl.fd
File: ot1ppl.fd 2001/06/04 font definitions for OT1/ppl.
)
(/usr/share/texlive/texmf-dist/tex/latex/l3backend/l3backend-pdftex.def
File: l3backend-pdftex.def 2022-01-12 L3 backend support: PDF output (pdfTeX)
\l__color_backend_stack_int=\count350
\l__pdf_internal_box=\box122
)
(/home/hugasj/PycharmProjects/pythonProject/out/Thesis.aux)
\openout1 = `Thesis.aux'.

LaTeX Font Info:    Checking defaults for OML/cmm/m/it on input line 30.
LaTeX Font Info:    ... okay on input line 30.
LaTeX Font Info:    Checking defaults for OMS/cmsy/m/n on input line 30.
LaTeX Font Info:    ... okay on input line 30.
LaTeX Font Info:    Checking defaults for OT1/cmr/m/n on input line 30.
LaTeX Font Info:    ... okay on input line 30.
LaTeX Font Info:    Checking defaults for T1/cmr/m/n on input line 30.
LaTeX Font Info:    ... okay on input line 30.
LaTeX Font Info:    Checking defaults for TS1/cmr/m/n on input line 30.
LaTeX Font Info:    ... okay on input line 30.
LaTeX Font Info:    Checking defaults for OMX/cmex/m/n on input line 30.
LaTeX Font Info:    ... okay on input line 30.
LaTeX Font Info:    Checking defaults for U/cmr/m/n on input line 30.
LaTeX Font Info:    ... okay on input line 30.
LaTeX Font Info:    Checking defaults for PD1/pdf/m/n on input line 30.
LaTeX Font Info:    ... okay on input line 30.
LaTeX Font Info:    Checking defaults for PU/pdf/m/n on input line 30.
LaTeX Font Info:    ... okay on input line 30.
Package scrbase Info: activating english \contentsname on input line 30.
Package scrbase Info: activating english \listfigurename on input line 30.
Package scrbase Info: activating english \listtablename on input line 30.

(/usr/share/texlive/texmf-dist/tex/context/base/mkii/supp-pdf.mkii
[Loading MPS to PDF converter (version 2006.09.02).]
\scratchcounter=\count351
\scratchdimen=\dimen315
\scratchbox=\box123
\nofMPsegments=\count352
\nofMParguments=\count353
\everyMPshowfont=\toks52
\MPscratchCnt=\count354
\MPscratchDim=\dimen316
\MPnumerator=\count355
\makeMPintoPDFobject=\count356
\everyMPtoPDFconversion=\toks53
) (/usr/share/texlive/texmf-dist/tex/latex/epstopdf-pkg/epstopdf-base.sty
Package: epstopdf-base 2020-01-24 v2.11 Base part for package epstopdf
Package epstopdf-base Info: Redefining graphics rule for `.eps' on input line 4
85.

(/usr/share/texlive/texmf-dist/tex/latex/latexconfig/epstopdf-sys.cfg
File: epstopdf-sys.cfg 2010/07/13 v1.3 Configuration of (r)epstopdf for TeX Liv
e
))
\c@lstlisting=\count357
Package caption Info: Begin \AtBeginDocument code.
Package caption Info: hyperref package is loaded.
Package caption Info: rotating package is loaded.
Package caption Info: End \AtBeginDocument code.
Package hyperref Info: Link coloring OFF on input line 30.

(/usr/share/texlive/texmf-dist/tex/latex/hyperref/nameref.sty
Package: nameref 2021-04-02 v2.47 Cross-referencing by name of section

(/usr/share/texlive/texmf-dist/tex/latex/refcount/refcount.sty
Package: refcount 2019/12/15 v3.6 Data extraction from label references (HO)
)
(/usr/share/texlive/texmf-dist/tex/generic/gettitlestring/gettitlestring.sty
Package: gettitlestring 2019/12/15 v1.6 Cleanup title references (HO)
)
\c@section@level=\count358
)
LaTeX Info: Redefining \ref on input line 30.
LaTeX Info: Redefining \pageref on input line 30.
LaTeX Info: Redefining \nameref on input line 30.

(/home/hugasj/PycharmProjects/pythonProject/out/Thesis.out)
(/home/hugasj/PycharmProjects/pythonProject/out/Thesis.out)
\@outlinefile=\write4
\openout4 = `Thesis.out'.

Class scrartcl Info: loading recommended package `bookmark'.
(scrartcl)           Using `bookmark' together with `hyperref' is recommended,
(scrartcl)           because of handling of possible bookmark level gaps.
(scrartcl)           You can avoid loading `bookmark' with KOMA-Script option
(scrartcl)           `bookmarkpackage=false' before \begin{document} and
(scrartcl)           you can avoid this message adding:
(scrartcl)             \usepackage{bookmark}
(scrartcl)           before \begin{document} on input line 30.

(/usr/share/texlive/texmf-dist/tex/latex/bookmark/bookmark.sty
Package: bookmark 2020-11-06 v1.29 PDF bookmarks (HO)

(/usr/share/texlive/texmf-dist/tex/latex/bookmark/bkm-pdftex.def
File: bkm-pdftex.def 2020-11-06 v1.29 bookmark driver for pdfTeX (HO)
\BKM@id=\count359
))

Package pgfplots Warning: running in backwards compatibility mode (unsuitable t
ick labels; missing features). Consider writing \pgfplotsset{compat=1.18} into 
your preamble.
 on input line 30.

<images/hs/hd.png, id=7, 144.54pt x 75.8835pt>
File: images/hs/hd.png Graphic file (type png)
<use images/hs/hd.png>
Package pdftex.def Info: images/hs/hd.png  used on input line 37.
(pdftex.def)             Requested size: 86.72466pt x 45.53044pt.
<images/hs/hhn.png, id=9, 115.18031pt x 44.41594pt>
File: images/hs/hhn.png Graphic file (type png)
<use images/hs/hhn.png>
Package pdftex.def Info: images/hs/hhn.png  used on input line 38.
(pdftex.def)             Requested size: 115.18001pt x 44.41582pt.
<images/hs/tmu.png, id=10, 1204.5pt x 664.4825pt>
File: images/hs/tmu.png Graphic file (type png)
<use images/hs/tmu.png>
Package pdftex.def Info: images/hs/tmu.png  used on input line 39.
(pdftex.def)             Requested size: 72.26688pt x 39.86722pt.
LaTeX Font Info:    Trying to load font information for OML+zplm on input line 
73.
(/usr/share/texlive/texmf-dist/tex/latex/psnfss/omlzplm.fd
File: omlzplm.fd 2002/09/08 Fontinst v1.914 font definitions for OML/zplm.
)
LaTeX Font Info:    Trying to load font information for OMS+zplm on input line 
73.

(/usr/share/texlive/texmf-dist/tex/latex/psnfss/omszplm.fd
File: omszplm.fd 2002/09/08 Fontinst v1.914 font definitions for OMS/zplm.
)
LaTeX Font Info:    Trying to load font information for OMX+zplm on input line 
73.

(/usr/share/texlive/texmf-dist/tex/latex/psnfss/omxzplm.fd
File: omxzplm.fd 2002/09/08 Fontinst v1.914 font definitions for OMX/zplm.
)
LaTeX Font Info:    Trying to load font information for OT1+zplm on input line 
73.

(/usr/share/texlive/texmf-dist/tex/latex/psnfss/ot1zplm.fd
File: ot1zplm.fd 2002/09/08 Fontinst v1.914 font definitions for OT1/zplm.
)
Underfull \hbox (badness 10000) in paragraph at lines 77--78

 []

[1

{/var/lib/texmf/fonts/map/pdftex/updmap/pdftex.map} <./images/hs/hd.png> <./ima
ges/hs/hhn.png> <./images/hs/tmu.png>]
Overfull \hbox (5.56705pt too wide) in paragraph at lines 91--93
[]\OT1/ppl/m/n/17.28 Hiermit erkl[]are ich, dass ich die vor-liegende Ar-beit s
elbst-
 []

[2] (./abstract.tex
LaTeX Font Info:    Trying to load font information for TS1+ppl on input line 1
6.
 (/usr/share/texlive/texmf-dist/tex/latex/psnfss/ts1ppl.fd
File: ts1ppl.fd 2001/06/04 font definitions for TS1/ppl.
)) [3] (/home/hugasj/PycharmProjects/pythonProject/out/Thesis.toc [4])
\tf@toc=\write5
\openout5 = `Thesis.toc'.

 [5]
[6] [7] (./introduction.tex
Package acronym Info: Label `acro:CVDs' newly defined as it shall be overridden

although it is yet undefined on input line 4.
Package acronym Info: Label `acro:BP' newly defined as it shall be overridden
although it is yet undefined on input line 7.
Package acronym Info: Label `acro:PPG' newly defined as it shall be overridden
although it is yet undefined on input line 20.

Overfull \hbox (4.80376pt too wide) in paragraph at lines 19--23
\OT1/ppl/m/n/12 invasiveness, cuf-fless op-er-a-tion, op-ti-cal func-tion-al-it
y, wear-able de-sign, and cost-effect-
 []

Package acronym Info: Label `acro:ML' newly defined as it shall be overridden
although it is yet undefined on input line 25.
[8]
Package acronym Info: Label `acro:ICU' newly defined as it shall be overridden
although it is yet undefined on input line 28.
Package acronym Info: Label `acro:SpO2' newly defined as it shall be overridden

although it is yet undefined on input line 30.

Overfull \hbox (2.03171pt too wide) in paragraph at lines 28--32
\OT1/ppl/m/n/12 invasive BP mea-sure-ment meth-ods is pro-found. An ex-pe-di-ti
ous and pain-less method-
 []

[9]) (./theoretical-background.tex
Overfull \hbox (2.84741pt too wide) in paragraph at lines 22--25
\OT1/ppl/m/n/12 poten-sion, en-abling timely in-ter-ven-tions to pre-vent se-ri
-ous car-dio-vas-cu-lar events [[]].
 []

[10]
Package acronym Info: Label `acro:NIBP' newly defined as it shall be overridden

although it is yet undefined on input line 31.

Overfull \hbox (9.89261pt too wide) in paragraph at lines 31--40
[]\OT1/ppl/m/n/12 One of the most com-mon BP mea-sure-ment meth-ods is one us-i
ng a sphyg-mo-manome-
 []

<images/abp/sphyg.png, id=386, 702.625pt x 702.625pt>
File: images/abp/sphyg.png Graphic file (type png)
<use images/abp/sphyg.png>
Package pdftex.def Info: images/abp/sphyg.png  used on input line 45.
(pdftex.def)             Requested size: 151.24315pt x 151.24368pt.
<images/abp/auto_sphyg.png, id=387, 602.25pt x 602.25pt>
File: images/abp/auto_sphyg.png Graphic file (type png)
<use images/abp/auto_sphyg.png>
Package pdftex.def Info: images/abp/auto_sphyg.png  used on input line 50.
(pdftex.def)             Requested size: 151.24315pt x 151.24216pt.
[11 <./images/abp/sphyg.png> <./images/abp/auto_sphyg.png>]
Package acronym Info: Label `acro:ABP' newly defined as it shall be overridden
although it is yet undefined on input line 65.
Package acronym Info: Label `acro:SBP' newly defined as it shall be overridden
although it is yet undefined on input line 66.
Package acronym Info: Label `acro:DBP' newly defined as it shall be overridden
although it is yet undefined on input line 66.
<images/abp/catheter.png, id=404, 751.30687pt x 492.33937pt>
File: images/abp/catheter.png Graphic file (type png)
<use images/abp/catheter.png>
Package pdftex.def Info: images/abp/catheter.png  used on input line 73.
(pdftex.def)             Requested size: 300.51741pt x 196.93225pt.
 [12 <./images/abp/catheter.png>]
Package acronym Info: Label `acro:MAP' newly defined as it shall be overridden
although it is yet undefined on input line 82.
Package acronym Info: Label `acro:LED' newly defined as it shall be overridden
although it is yet undefined on input line 109.
Package acronym Info: Label `acro:PD' newly defined as it shall be overridden
although it is yet undefined on input line 109.
 [13] [14]
<images/ppg/reflection.png, id=456, 853.1875pt x 316.18124pt>
File: images/ppg/reflection.png Graphic file (type png)
<use images/ppg/reflection.png>
Package pdftex.def Info: images/ppg/reflection.png  used on input line 150.
(pdftex.def)             Requested size: 341.26895pt x 126.47025pt.
 [15 <./images/ppg/reflection.png>]
<images/ppg/ac+dc.png, id=474, 853.1875pt x 588.1975pt>
File: images/ppg/ac+dc.png Graphic file (type png)
<use images/ppg/ac+dc.png>
Package pdftex.def Info: images/ppg/ac+dc.png  used on input line 170.
(pdftex.def)             Requested size: 426.59271pt x 294.09802pt.
 [16 <./images/ppg/ac+dc.png>]
<images/ppg/ppg-devices.png, id=490, 1284.8pt x 722.7pt>
File: images/ppg/ppg-devices.png Graphic file (type png)
<use images/ppg/ppg-devices.png>
Package pdftex.def Info: images/ppg/ppg-devices.png  used on input line 194.
(pdftex.def)             Requested size: 449.68674pt x 252.94878pt.

Overfull \hbox (1.55579pt too wide) in paragraph at lines 194--195
 [][] 
 []

[17 <./images/ppg/ppg-devices.png>]
Overfull \hbox (20.32005pt too wide) in paragraph at lines 216--220
\OT1/ppl/m/n/12 Patient records and doc-u-men-ta-tion are cru-cial for main-tai
n-ing a com-pre-hen-sive overview
 []

Package acronym Info: Label `acro:MIMIC' newly defined as it shall be overridde
n
although it is yet undefined on input line 226.
Package acronym Info: Label `acro:DB' newly defined as it shall be overridden
although it is yet undefined on input line 226.
<images/mimic/mimic_workflow.png, id=511, 515.82712pt x 169.38281pt>
File: images/mimic/mimic_workflow.png Graphic file (type png)
<use images/mimic/mimic_workflow.png>
Package pdftex.def Info: images/mimic/mimic_workflow.png  used on input line 23
7.
(pdftex.def)             Requested size: 386.86938pt x 127.03679pt.

LaTeX Warning: `h' float specifier changed to `ht'.

[18]
<images/mimic/mimic_structure.png, id=526, 1580.90625pt x 1188.69093pt>
File: images/mimic/mimic_structure.png Graphic file (type png)
<use images/mimic/mimic_structure.png>
Package pdftex.def Info: images/mimic/mimic_structure.png  used on input line 2
58.
(pdftex.def)             Requested size: 474.27554pt x 356.61003pt.

Overfull \hbox (26.14459pt too wide) in paragraph at lines 258--259
 [][] 
 []


LaTeX Warning: `h' float specifier changed to `ht'.

Package acronym Info: Label `acro:ECG' newly defined as it shall be overridden
although it is yet undefined on input line 264.
[19 <./images/mimic/mimic_workflow.png>]
Package acronym Info: Label `acro:WFDB' newly defined as it shall be overridden

although it is yet undefined on input line 283.
Package acronym Info: Label `acro:CSV' newly defined as it shall be overridden
although it is yet undefined on input line 283.

Overfull \hbox (2.08058pt too wide) in paragraph at lines 281--285
[]\OT1/ppl/m/n/12 Both the MIMIC-III and MIMIC-IV DBs en-com-pass wave-form and
 nu-meric datasets
 []

[20 <./images/mimic/mimic_structure.png>] [21] [22] [23]
Overfull \hbox (28.00537pt too wide) in paragraph at lines 415--425
 [] 
 []

[24]
Package acronym Info: Label `acro:PTT' newly defined as it shall be overridden
although it is yet undefined on input line 445.
<images/sp/ptt.png, id=598, 639.89063pt x 489.32813pt>
File: images/sp/ptt.png Graphic file (type png)
<use images/sp/ptt.png>
Package pdftex.def Info: images/sp/ptt.png  used on input line 454.
(pdftex.def)             Requested size: 188.21417pt x 143.92494pt.
<images/sp/pat.png, id=601, 687.56876pt x 584.1825pt>
File: images/sp/pat.png Graphic file (type png)
<use images/sp/pat.png>
Package pdftex.def Info: images/sp/pat.png  used on input line 461.
(pdftex.def)             Requested size: 188.21417pt x 159.90637pt.
Package acronym Info: Label `acro:PAT' newly defined as it shall be overridden
although it is yet undefined on input line 469.
Package acronym Info: Label `acro:PWV' newly defined as it shall be overridden
although it is yet undefined on input line 475.
<images/sp/pww.jpg, id=610, 853.1875pt x 702.625pt>
File: images/sp/pww.jpg Graphic file (type jpg)
<use images/sp/pww.jpg>
Package pdftex.def Info: images/sp/pww.jpg  used on input line 484.
(pdftex.def)             Requested size: 201.65755pt x 166.07108pt.
 [25 <./images/sp/ptt.png> <./images/sp/pat.png (PNG copy)>]
Package acronym Info: Label `acro:PWA' newly defined as it shall be overridden
although it is yet undefined on input line 501.
Package acronym Info: Label `acro:DNN' newly defined as it shall be overridden
although it is yet undefined on input line 507.
<images/sp/pwa.png, id=631, 266.32834pt x 106.73209pt>
File: images/sp/pwa.png Graphic file (type png)
<use images/sp/pwa.png>
Package pdftex.def Info: images/sp/pwa.png  used on input line 510.
(pdftex.def)             Requested size: 403.31511pt x 161.63837pt.


LaTeX Warning: `h' float specifier changed to `ht'.

[26 <./images/sp/pww.jpg>]
<images/sp/dic_notch.png, id=644, 650.43pt x 330.23375pt>
File: images/sp/dic_notch.png Graphic file (type png)
<use images/sp/dic_notch.png>
Package pdftex.def Info: images/sp/dic_notch.png  used on input line 522.
(pdftex.def)             Requested size: 268.8813pt x 136.51535pt.
 [27 <./images/sp/pwa.png> <./images/sp/dic_notch.png>]
<images/sp/fiducials.png, id=661, 526.21594pt x 350.81062pt>
File: images/sp/fiducials.png Graphic file (type png)
<use images/sp/fiducials.png>
Package pdftex.def Info: images/sp/fiducials.png  used on input line 537.
(pdftex.def)             Requested size: 420.97333pt x 280.64886pt.

Overfull \hbox (36.33974pt too wide) in paragraph at lines 548--549
[]\OT1/ppl/m/n/12 Second Deriva-tive Fea-tures (ag-ing in-dex: de-fined as am-p
li-tude val-ues of [] 
 []

LaTeX Font Info:    Trying to load font information for TS1+cmtt on input line 
549.
(/usr/share/texlive/texmf-dist/tex/latex/base/ts1cmtt.fd
File: ts1cmtt.fd 2019/12/16 v2.5j Standard LaTeX font definitions
)
Overfull \hbox (13.2336pt too wide) in paragraph at lines 549--550
[]\OT1/ppl/m/n/12 Combination of Fea-tures (min-i-mum rise time: \OT1/cmtt/m/n/
12 [1/x0(ms)]\TS1/cmtt/m/n/12 \OT1/cmtt/m/n/12 [x(sys) - x(onset)]\OT1/ppl/m/n
/12 ) 
 []

[28 <./images/sp/fiducials.png>]
Package acronym Info: Label `acro:FFT' newly defined as it shall be overridden
although it is yet undefined on input line 550.
 [29]
Package acronym Info: Label `acro:SVM' newly defined as it shall be overridden
although it is yet undefined on input line 581.
Package acronym Info: Label `acro:LR' newly defined as it shall be overridden
although it is yet undefined on input line 584.
Package acronym Info: Label `acro:DBN' newly defined as it shall be overridden
although it is yet undefined on input line 590.
Package acronym Info: Label `acro:RBM' newly defined as it shall be overridden
although it is yet undefined on input line 590.
<images/ml/RBM.png, id=697, 853.1875pt x 404.51125pt>
File: images/ml/RBM.png Graphic file (type png)
<use images/ml/RBM.png>
Package pdftex.def Info: images/ml/RBM.png  used on input line 596.
(pdftex.def)             Requested size: 403.31511pt x 191.22516pt.
Package acronym Info: Label `acro:NN' newly defined as it shall be overridden
although it is yet undefined on input line 602.
 [30 <./images/ml/RBM.png>]
<images/ml/ffnn.png, id=713, 454.69875pt x 366.36874pt>
File: images/ml/ffnn.png Graphic file (type png)
<use images/ml/ffnn.png>
Package pdftex.def Info: images/ml/ffnn.png  used on input line 607.
(pdftex.def)             Requested size: 224.06548pt x 180.53969pt.
Package acronym Info: Label `acro:LSTM' newly defined as it shall be overridden

although it is yet undefined on input line 618.
Package acronym Info: Label `acro:GRU' newly defined as it shall be overridden
although it is yet undefined on input line 624.
 [31 <./images/ml/ffnn.png (PNG copy)>]
<images/ml/lstm.png, id=739, 682.55pt x 370.38374pt>
File: images/ml/lstm.png Graphic file (type png)
<use images/ml/lstm.png>
Package pdftex.def Info: images/ml/lstm.png  used on input line 635.
(pdftex.def)             Requested size: 358.50612pt x 194.5448pt.
) [32 <./images/ml/lstm.png>] (./methods.tex
Overfull \hbox (3.90314pt too wide) in paragraph at lines 10--16
\OT1/cmtt/m/n/12 model\OT1/ppl/m/n/12 , there ex-ist sev-eral sub-packages con-
tain-ing rel-e-vant data for sub-se-quent project
 []


Overfull \hbox (7.72652pt too wide) in paragraph at lines 10--16
\OT1/ppl/m/n/12 com-po-nents, while the core code is dis-tributed across five \
OT1/cmtt/m/n/12 .py \OT1/ppl/m/n/12 classes: \OT1/cmtt/m/n/12 init[]scripts.py
 []


Overfull \hbox (4.04536pt too wide) in paragraph at lines 20--26
\OT1/ppl/m/n/12 This sec-tion will ex-am-ine the \OT1/cmtt/m/n/12 init[]scripts
.py \OT1/ppl/m/n/12 class. For this project, data was sourced
 []

[33] [34]
<images/methods/segments.png, id=772, 308.65312pt x 194.22563pt>
File: images/methods/segments.png Graphic file (type png)
<use images/methods/segments.png>
Package pdftex.def Info: images/methods/segments.png  used on input line 117.
(pdftex.def)             Requested size: 134.44064pt x 84.60007pt.
<images/methods/values.png, id=774, 228.10219pt x 291.33844pt>
File: images/methods/values.png Graphic file (type png)
<use images/methods/values.png>
Package pdftex.def Info: images/methods/values.png  used on input line 132.
(pdftex.def)             Requested size: 134.44064pt x 171.71481pt.

Underfull \hbox (badness 2277) in paragraph at lines 140--143
\OT1/ppl/m/n/12 (or \OT1/cmtt/m/n/12 ./mimic4\OT1/ppl/m/n/12 ) di-rec-tory, as 
2 sep-a-rate and syn-
 []

[35 <./images/methods/segments.png> <./images/methods/values.png>]
Overfull \hbox (19.98358pt too wide) in paragraph at lines 168--170
\OT1/cmtt/m/n/10.95 abp,ppg,abp[]beats,ppg[]beats = signal[]processing(seg[]nam
e,abp[]filt,ppg[]filt,fs) 
 []

[36]
Overfull \hbox (59.53455pt too wide) in paragraph at lines 174--176
\OT1/cmtt/m/n/10.95 save[]split[]features(tot[]abp[]values,median[]abp[]values,
tot[]ppg[]values,median[]ppg[]values) 
 []


LaTeX Warning: No positions in optional float specifier.
               Default added (so using `!tbp') on input line 206.

<images/methods/filters.png, id=806, 1734.48pt x 1734.48pt>
File: images/methods/filters.png Graphic file (type png)
<use images/methods/filters.png>
Package pdftex.def Info: images/methods/filters.png  used on input line 211.
(pdftex.def)             Requested size: 537.75577pt x 537.76265pt.

Overfull \hbox (49.22572pt too wide) in paragraph at lines 210--214
[]  []
 []

<images/methods/opt_filtering.png, id=807, 1606.0pt x 803.0pt>
File: images/methods/opt_filtering.png Graphic file (type png)
<use images/methods/opt_filtering.png>
Package pdftex.def Info: images/methods/opt_filtering.png  used on input line 2
17.
(pdftex.def)             Requested size: 448.13095pt x 224.06654pt.

LaTeX Warning: Float too large for page by 112.19345pt on input line 223.

[37] [38 <./images/methods/filters.png> <./images/methods/opt_filtering.png>]
Overfull \hbox (2.81128pt too wide) in paragraph at lines 243--247
\OT1/ppl/m/n/12 length. The al-go-rithm ex-hib-ited poor per-for-mance with the
 pro-vided MIMIC datasets,
 []

Package acronym Info: Label `acro:BOI' newly defined as it shall be overridden
although it is yet undefined on input line 249.
[39] [40]
Overfull \hbox (12.52426pt too wide) in paragraph at lines 291--292
\OT1/cmtt/m/n/12 abp[]beats,[]=sp.find[]peaks(abp,distance=abp[]beat[]interval*
.75,prominence=0.5) 
 []


Overfull \hbox (18.69926pt too wide) in paragraph at lines 291--292
\OT1/cmtt/m/n/12 ppg[]beats,[]=sp.find[]peaks(ppg,distance=ppg[]beat[]interval*
.75,prominence=0.01) 
 []


Underfull \hbox (badness 10000) in paragraph at lines 291--292

 []

<images/methods/synchronised.png, id=846, 1606.0pt x 803.0pt>
File: images/methods/synchronised.png Graphic file (type png)
<use images/methods/synchronised.png>
Package pdftex.def Info: images/methods/synchronised.png  used on input line 30
1.
(pdftex.def)             Requested size: 392.11285pt x 196.05669pt.

Overfull \hbox (38.02347pt too wide) in paragraph at lines 300--302
[]  [] 
 []

<images/methods/beat_algos.png, id=847, 1606.0pt x 1606.0pt>
File: images/methods/beat_algos.png Graphic file (type png)
<use images/methods/beat_algos.png>
Package pdftex.def Info: images/methods/beat_algos.png  used on input line 316.

(pdftex.def)             Requested size: 403.31511pt x 403.31242pt.
<images/methods/sp_beats.png, id=848, 1606.0pt x 1606.0pt>
File: images/methods/sp_beats.png Graphic file (type png)
<use images/methods/sp_beats.png>
Package pdftex.def Info: images/methods/sp_beats.png  used on input line 322.
(pdftex.def)             Requested size: 403.31511pt x 403.31242pt.

LaTeX Warning: Float too large for page by 136.2706pt on input line 328.

[41 <./images/methods/synchronised.png>] [42 <./images/methods/beat_algos.png> 
<./images/methods/sp_beats.png>]
<images/methods/cringe_signals.png, id=861, 1606.0pt x 803.0pt>
File: images/methods/cringe_signals.png Graphic file (type png)
<use images/methods/cringe_signals.png>
Package pdftex.def Info: images/methods/cringe_signals.png  used on input line 
355.
(pdftex.def)             Requested size: 448.13095pt x 224.06654pt.
 [43 <./images/methods/cringe_signals.png>]
Package acronym Info: Label `acro:FIDPs' newly defined as it shall be overridde
n
although it is yet undefined on input line 385.
<images/methods/fidps.png, id=872, 1606.0pt x 803.0pt>
File: images/methods/fidps.png Graphic file (type png)
<use images/methods/fidps.png>
Package pdftex.def Info: images/methods/fidps.png  used on input line 397.
(pdftex.def)             Requested size: 571.36421pt x 285.68576pt.

Overfull \hbox (75.72098pt too wide) in paragraph at lines 396--400
[]  []
 []


LaTeX Warning: `h' float specifier changed to `ht'.

[44]
Overfull \hbox (10.91817pt too wide) in paragraph at lines 431--432
[]\OT1/cmtt/m/n/12 sys[]area\OT1/ppl/m/n/12 : sys-tolic area - in-te-gral value
 of the sig-nal over the time in-ter-val bounded
 []

[45 <./images/methods/fidps.png>] [46]
<images/methods/feats.png, id=896, 722.7pt x 511.9125pt>
File: images/methods/feats.png Graphic file (type png)
<use images/methods/feats.png>
Package pdftex.def Info: images/methods/feats.png  used on input line 492.
(pdftex.def)             Requested size: 448.13095pt x 317.42934pt.
<images/methods/median_fft.png, id=897, 1284.8pt x 481.8pt>
File: images/methods/median_fft.png Graphic file (type png)
<use images/methods/median_fft.png>
Package pdftex.def Info: images/methods/median_fft.png  used on input line 500.

(pdftex.def)             Requested size: 492.94678pt x 184.8503pt.

Overfull \hbox (18.64311pt too wide) in paragraph at lines 499--501
[]  [] 
 []


LaTeX Warning: `h' float specifier changed to `ht'.

[47 <./images/methods/feats.png>] [48 <./images/methods/median_fft.png>]
Overfull \hbox (2.66756pt too wide) in paragraph at lines 542--545
\OT1/ppl/m/n/12 In this con-clud-ing sec-tion de-tail-ing meth-ods, the uti-liz
a-tion of ma-chine learn-ing meth-
 []

Package acronym Info: Label `acro:GPU' newly defined as it shall be overridden
although it is yet undefined on input line 546.
Package acronym Info: Label `acro:MLP' newly defined as it shall be overridden
although it is yet undefined on input line 560.
Package acronym Info: Label `acro:Bi-LSTM' newly defined as it shall be overrid
den
although it is yet undefined on input line 562.
Package acronym Info: Label `acro:Bi-GRU' newly defined as it shall be overridd
en
although it is yet undefined on input line 564.
[49]
Package acronym Info: Label `acro:RF' newly defined as it shall be overridden
although it is yet undefined on input line 565.
 [50]
Overfull \hbox (19.1559pt too wide) in paragraph at lines 600--602
\OT1/ppl/m/n/12 Broy-den{Fletcher{Goldfarb{Shanno" (LBFGS) al-go-rithm [[]], wi
th both mod-els trained
 []

Package acronym Info: Label `acro:MSE' newly defined as it shall be overridden
although it is yet undefined on input line 603.
Package acronym Info: Label `acro:RMSE' newly defined as it shall be overridden

although it is yet undefined on input line 611.
Package acronym Info: Label `acro:MAE' newly defined as it shall be overridden
although it is yet undefined on input line 611.
Package acronym Info: Label `acro:STD' newly defined as it shall be overridden
although it is yet undefined on input line 616.
) (./results.tex [51] [52]
<images/results/flow.png, id=966, 761.84625pt x 473.77pt>
File: images/results/flow.png Graphic file (type png)
<use images/results/flow.png>
Package pdftex.def Info: images/results/flow.png  used on input line 73.
(pdftex.def)             Requested size: 448.13095pt x 278.67607pt.
 [53 <./images/results/flow.png>]
Overfull \hbox (6.43591pt too wide) in paragraph at lines 85--88
[]\OT1/ppl/m/n/12 As out-lined in pre-vi-ous chap-ters, the in-tended split ra-
tio of 60/20/20 for train/test/-
 []


Overfull \hbox (5.03325pt too wide) in paragraph at lines 85--88
\OT1/ppl/m/n/12 val-ues from MIMIC-III and 110,408 val-ues from MIMIC-IV. Con-s
e-quently, the MIMIC-
 []

Package acronym Info: Label `acro:WA' newly defined as it shall be overridden
although it is yet undefined on input line 109.

LaTeX Warning: Float too large for page by 90.47849pt on input line 198.

[54] [55] [56] [57] [58]
<images/results/training_loss_mse.png, id=1009, 3340.48pt x 3340.48pt>
File: images/results/training_loss_mse.png Graphic file (type png)
<use images/results/training_loss_mse.png>
Package pdftex.def Info: images/results/training_loss_mse.png  used on input li
ne 346.
(pdftex.def)             Requested size: 403.31511pt x 403.28694pt.
<images/results/testing_loss_mse.png, id=1010, 3340.48pt x 3340.48pt>
File: images/results/testing_loss_mse.png Graphic file (type png)
<use images/results/testing_loss_mse.png>
Package pdftex.def Info: images/results/testing_loss_mse.png  used on input lin
e 348.
(pdftex.def)             Requested size: 403.31511pt x 403.28694pt.


LaTeX Warning: Float too large for page by 124.57065pt on input line 354.

[59] [60 <./images/results/training_loss_mse.png> <./images/results/testing_los
s_mse.png>]) (./discussion.tex [61]
Overfull \hbox (4.61143pt too wide) in paragraph at lines 39--41
\OT1/ppl/m/n/12 This con-straint sig-nif-i-cantly af-fects the quan-tity of val
-ues that can be ex-tracted, thereby
 []

[62]
Overfull \hbox (8.27252pt too wide) in paragraph at lines 65--71
\OT1/ppl/m/n/12 Stan-dards of the As-so-ci-a-tion for the Ad-vance-ment of Med-
i-cal In-stru-men-ta-tion (AAMI),
 []

[63] [64]) (./conclusion.tex [65]) [66]
(/home/hugasj/PycharmProjects/pythonProject/out/Thesis.bbl [67] [68] [69]
Underfull \hbox (badness 10000) in paragraph at lines 268--271
[]\OT1/ppl/m/n/10.95 ``Signal pro-cess-ing ar-ti-facts: Un-mask-ing the Il-lu-s
ion-
 []


Underfull \hbox (badness 10000) in paragraph at lines 268--271
\OT1/ppl/m/n/10.95 ary Waves.''  []$\OT1/cmtt/m/n/10.95 https : / / fastercapit
al . com / content /
 []


Underfull \hbox (badness 10000) in paragraph at lines 268--271
\OT1/cmtt/m/n/10.95 Signal-[]processing-[]artifacts-[]-[]Unmasking-[]the-[]Illu
sionary-[]Waves . html #
 []


Underfull \hbox (badness 5908) in paragraph at lines 293--296
[]\OT1/ppl/m/n/10.95 ``Chebyshev Fil-ter - an overview | Sci-enceDi-rect Top-ic
s.''  []$\OT1/cmtt/m/n/10.95 https : / / www .
 []

[70] [71]
Underfull \hbox (badness 1521) in paragraph at lines 417--419
[]\OT1/ppl/m/n/10.95 ``Feedforward Neu-ral Net-works | Bril-liant Math & Sci-en
ce Wiki.''  []$\OT1/cmtt/m/n/10.95 https : / /
 []


Underfull \hbox (badness 2269) in paragraph at lines 442--446
[]\OT1/ppl/m/n/10.95 J. Joung, C.-W. Jung, H.-C. Lee, M.-J. Chae, H.-S. Kim, J.
 Park, W.-Y. Shin,
 []

[72]
Underfull \hbox (badness 2096) in paragraph at lines 505--507
[]\OT1/ppl/m/n/10.95 ``CUDA Toolkit - Free Tools and Train-ing.''  []$\OT1/cmtt
/m/n/10.95 https : / / developer . nvidia . com /
 []

) [73] (./code.tex
(/usr/share/texlive/texmf-dist/tex/latex/listings/lstlang1.sty
File: lstlang1.sty 2020/03/24 1.8d listings language file
) [74]
LaTeX Font Info:    Trying to load font information for OML+ppl on input line 1
18.

(/usr/share/texlive/texmf-dist/tex/latex/psnfss/omlppl.fd
File: omlppl.fd 
)
LaTeX Font Info:    Font shape `OML/ppl/m/n' in size <8> not available
(Font)              Font shape `OML/cmm/m/it' tried instead on input line 118.
 [75] [76] [77]
[78]
LaTeX Font Info:    Trying to load font information for OMS+ppl on input line 3
49.
 (/usr/share/texlive/texmf-dist/tex/latex/psnfss/omsppl.fd
File: omsppl.fd 
)
LaTeX Font Info:    Font shape `OMS/ppl/m/n' in size <8> not available
(Font)              Font shape `OMS/cmsy/m/n' tried instead on input line 349.

Overfull \hbox (36.67398pt too wide) in paragraph at lines 349--351
[][][][][][][][][][][][][][][][][][][][][][][][][] 
 []

[79] [80] [81] [82]
Overfull \hbox (12.67374pt too wide) in paragraph at lines 578--579
[][][][][][][][][][][][][][][][][][][][][][][][][][][] 
 []


Overfull \hbox (17.47379pt too wide) in paragraph at lines 598--599
[][][][][][][][][][][][][][][][][][][][][][][][][][][][] 
 []


Overfull \hbox (31.87393pt too wide) in paragraph at lines 614--615
[][][][][][][][][][][][][][][][][][][][][][][][][][][][][][][][][] 
 []


Overfull \hbox (36.67398pt too wide) in paragraph at lines 617--618
[][][][][][][][][][][][][][][][][][][][][][][][][][][][] 
 []

[83] [84] [85] [86]
Overfull \hbox (27.07388pt too wide) in paragraph at lines 837--838
[][][][][][][][][][][][][][][][][][][][][][][][][][][] 
 []

[87]) [88] (./ml_results.tex [89] [90]
<images/results/feature_importance/feature_importance_plot_LR_0.png, id=2132, 7
22.7pt x 1084.05pt>
File: images/results/feature_importance/feature_importance_plot_LR_0.png Graphi
c file (type png)
<use images/results/feature_importance/feature_importance_plot_LR_0.png>
Package pdftex.def Info: images/results/feature_importance/feature_importance_p
lot_LR_0.png  used on input line 103.
(pdftex.def)             Requested size: 367.47066pt x 551.20407pt.
<images/results/feature_importance/feature_importance_plot_MLP_0.png, id=2133, 
722.7pt x 1084.05pt>
File: images/results/feature_importance/feature_importance_plot_MLP_0.png Graph
ic file (type png)
<use images/results/feature_importance/feature_importance_plot_MLP_0.png>
Package pdftex.def Info: images/results/feature_importance/feature_importance_p
lot_MLP_0.png  used on input line 112.
(pdftex.def)             Requested size: 448.13095pt x 672.20331pt.


LaTeX Warning: Float too large for page by 32.75055pt on input line 115.


LaTeX Warning: `h' float specifier changed to `ht'.

<images/results/feature_importance/feature_importance_plot_LSTM_0.png, id=2134,
 722.7pt x 1084.05pt>
File: images/results/feature_importance/feature_importance_plot_LSTM_0.png Grap
hic file (type png)
<use images/results/feature_importance/feature_importance_plot_LSTM_0.png>
Package pdftex.def Info: images/results/feature_importance/feature_importance_p
lot_LSTM_0.png  used on input line 121.
(pdftex.def)             Requested size: 448.13095pt x 672.20331pt.

LaTeX Warning: Float too large for page by 32.75055pt on input line 124.


LaTeX Warning: `h' float specifier changed to `ht'.

<images/results/feature_importance/feature_importance_plot_Bi-LSTM_0.png, id=21
35, 722.7pt x 1084.05pt>
File: images/results/feature_importance/feature_importance_plot_Bi-LSTM_0.png G
raphic file (type png)
<use images/results/feature_importance/feature_importance_plot_Bi-LSTM_0.png>
Package pdftex.def Info: images/results/feature_importance/feature_importance_p
lot_Bi-LSTM_0.png  used on input line 130.
(pdftex.def)             Requested size: 448.13095pt x 672.20331pt.

LaTeX Warning: Float too large for page by 32.75055pt on input line 133.


LaTeX Warning: `h' float specifier changed to `ht'.

<images/results/feature_importance/feature_importance_plot_GRU_0.png, id=2136, 
722.7pt x 1084.05pt>
File: images/results/feature_importance/feature_importance_plot_GRU_0.png Graph
ic file (type png)
<use images/results/feature_importance/feature_importance_plot_GRU_0.png>
Package pdftex.def Info: images/results/feature_importance/feature_importance_p
lot_GRU_0.png  used on input line 139.
(pdftex.def)             Requested size: 448.13095pt x 672.20331pt.

LaTeX Warning: Float too large for page by 32.75055pt on input line 142.


LaTeX Warning: `h' float specifier changed to `ht'.

<images/results/feature_importance/feature_importance_plot_Bi-GRU_0.png, id=213
7, 722.7pt x 1084.05pt>
File: images/results/feature_importance/feature_importance_plot_Bi-GRU_0.png Gr
aphic file (type png)
<use images/results/feature_importance/feature_importance_plot_Bi-GRU_0.png>
Package pdftex.def Info: images/results/feature_importance/feature_importance_p
lot_Bi-GRU_0.png  used on input line 148.
(pdftex.def)             Requested size: 448.13095pt x 672.20331pt.

LaTeX Warning: Float too large for page by 32.75055pt on input line 151.


LaTeX Warning: `h' float specifier changed to `ht'.

) [91 <./images/results/feature_importance/feature_importance_plot_LR_0.png>]
[92 <./images/results/feature_importance/feature_importance_plot_MLP_0.png>]
[93 <./images/results/feature_importance/feature_importance_plot_LSTM_0.png>]
[94 <./images/results/feature_importance/feature_importance_plot_Bi-LSTM_0.png>
] [95 <./images/results/feature_importance/feature_importance_plot_GRU_0.png>]
[96 <./images/results/feature_importance/feature_importance_plot_Bi-GRU_0.png>]
(/home/hugasj/PycharmProjects/pythonProject/out/Thesis.aux)
Package rerunfilecheck Info: File `Thesis.out' has not changed.
(rerunfilecheck)             Checksum: D41D8CD98F00B204E9800998ECF8427E;0.
 ) 
Here is how much of TeX's memory you used:
 42649 strings out of 480204
 957480 string characters out of 5895010
 1644402 words of memory out of 5000000
 58516 multiletter control sequences out of 15000+600000
 518108 words of font info for 161 fonts, out of 8000000 for 9000
 36 hyphenation exceptions out of 8191
 108i,19n,117p,10696b,2315s stack positions out of 5000i,500n,10000p,200000b,80000s
 </home/hugasj/.texlive2021/texmf-var/fonts/pk/ljfour/jknappen/ec/tctt1200.60
0pk>{/usr/share/texlive/texmf-dist/fonts/enc/dvips/base/8r.enc}</usr/share/texl
ive/texmf-dist/fonts/type1/public/amsfonts/cm/cmex10.pfb></usr/share/texlive/te
xmf-dist/fonts/type1/public/amsfonts/cm/cmmi10.pfb></usr/share/texlive/texmf-di
st/fonts/type1/public/amsfonts/cm/cmmi8.pfb></usr/share/texlive/texmf-dist/font
s/type1/public/amsfonts/cm/cmr10.pfb></usr/share/texlive/texmf-dist/fonts/type1
/public/amsfonts/cm/cmssbx10.pfb></usr/share/texlive/texmf-dist/fonts/type1/pub
lic/amsfonts/cm/cmsy10.pfb></usr/share/texlive/texmf-dist/fonts/type1/public/am
sfonts/cm/cmsy8.pfb></usr/share/texlive/texmf-dist/fonts/type1/public/amsfonts/
cm/cmtt10.pfb></usr/share/texlive/texmf-dist/fonts/type1/public/amsfonts/cm/cmt
t12.pfb></usr/share/texlive/texmf-dist/fonts/type1/public/mathpazo/fplmr.pfb></
usr/share/texlive/texmf-dist/fonts/type1/public/mathpazo/fplmri.pfb></usr/share
/texlive/texmf-dist/fonts/type1/urw/palatino/uplb8a.pfb></usr/share/texlive/tex
mf-dist/fonts/type1/urw/palatino/uplr8a.pfb></usr/share/texlive/texmf-dist/font
s/type1/urw/palatino/uplri8a.pfb>
Output written on /home/hugasj/PycharmProjects/pythonProject/out/Thesis.pdf (96
 pages, 6627412 bytes).
PDF statistics:
 2643 PDF objects out of 2984 (max. 8388607)
 2415 compressed objects within 25 object streams
 1305 named destinations out of 1440 (max. 500000)
 557 words of extra memory for PDF output out of 10000 (max. 10000000)

