This is pdfTeX, Version 3.141592653-2.6-1.40.25 (MiKTeX 24.1) (preloaded format=pdflatex 2024.2.14)  21 FEB 2024 11:55
entering extended mode
 restricted \write18 enabled.
 %&-line parsing enabled.
**./Thesis.tex
(Thesis.tex
LaTeX2e <2023-11-01> patch level 1
L3 programming layer <2024-01-22>

(C:\Users\htjas\AppData\Local\Programs\MiKTeX\tex/latex/koma-script\scrartcl.cl
s
Document Class: scrartcl 2023/07/07 v3.41 KOMA-Script document class (article)

(C:\Users\htjas\AppData\Local\Programs\MiKTeX\tex/latex/koma-script\scrkbase.st
y
Package: scrkbase 2023/07/07 v3.41 KOMA-Script package (KOMA-Script-dependent b
asics and keyval usage)

(C:\Users\htjas\AppData\Local\Programs\MiKTeX\tex/latex/koma-script\scrbase.sty
Package: scrbase 2023/07/07 v3.41 KOMA-Script package (KOMA-Script-independent 
basics and keyval usage)

(C:\Users\htjas\AppData\Local\Programs\MiKTeX\tex/latex/koma-script\scrlfile.st
y
Package: scrlfile 2023/07/07 v3.41 KOMA-Script package (file load hooks)

(C:\Users\htjas\AppData\Local\Programs\MiKTeX\tex/latex/koma-script\scrlfile-ho
ok.sty
Package: scrlfile-hook 2023/07/07 v3.41 KOMA-Script package (using LaTeX hooks)


(C:\Users\htjas\AppData\Local\Programs\MiKTeX\tex/latex/koma-script\scrlogo.sty
Package: scrlogo 2023/07/07 v3.41 KOMA-Script package (logo)
))) (C:\Users\htjas\AppData\Local\Programs\MiKTeX\tex/latex/graphics\keyval.sty
Package: keyval 2022/05/29 v1.15 key=value parser (DPC)
\KV@toks@=\toks17
)
Applying: [2021/05/01] Usage of raw or classic option list on input line 252.
Already applied: [0000/00/00] Usage of raw or classic option list on input line
 368.
))
(C:\Users\htjas\AppData\Local\Programs\MiKTeX\tex/latex/koma-script\tocbasic.st
y
Package: tocbasic 2023/07/07 v3.41 KOMA-Script package (handling toc-files)
\scr@dte@tocline@numberwidth=\skip48
\scr@dte@tocline@numbox=\box51
)
Package tocbasic Info: omitting babel extension for `toc'
(tocbasic)             because of feature `nobabel' available
(tocbasic)             for `toc' on input line 133.
Package scrartcl Info: You've used standard option `12pt'.
(scrartcl)             This is correct!
(scrartcl)             Internally I'm using `fontsize=12pt'.
(scrartcl)             If you'd like to set the option with \KOMAoptions,
(scrartcl)             you'd have to use `fontsize=12pt' there
(scrartcl)             instead of `12pt', too.
Class scrartcl Info: File `scrsize12pt.clo' used to setup font sizes on input l
ine 2441.

(C:\Users\htjas\AppData\Local\Programs\MiKTeX\tex/latex/koma-script\scrsize12pt
.clo
File: scrsize12pt.clo 2023/07/07 v3.41 KOMA-Script font size class option (12pt
)
)
(C:\Users\htjas\AppData\Local\Programs\MiKTeX\tex/latex/koma-script\typearea.st
y
Package: typearea 2023/07/07 v3.41 KOMA-Script package (type area)
\ta@bcor=\skip49
\ta@div=\count187
\ta@hblk=\skip50
\ta@vblk=\skip51
\ta@temp=\skip52
\footheight=\skip53
Package typearea Info: These are the values describing the layout:
(typearea)             DIV  = 12
(typearea)             BCOR = 0.0pt
(typearea)             \paperwidth      = 597.50793pt
(typearea)              \textwidth      = 448.13095pt
(typearea)              DIV departure   = -6%
(typearea)              \evensidemargin = 2.4185pt
(typearea)              \oddsidemargin  = 2.4185pt
(typearea)             \paperheight     = 845.04694pt
(typearea)              \textheight     = 635.5pt
(typearea)              \topmargin      = -41.72441pt
(typearea)              \headheight     = 18.125pt
(typearea)              \headsep        = 21.75pt
(typearea)              \topskip        = 12.0pt
(typearea)              \footskip       = 50.75pt
(typearea)              \baselineskip   = 14.5pt
(typearea)              on input line 1799.
)
\c@part=\count188
\c@section=\count189
\c@subsection=\count190
\c@subsubsection=\count191
\c@paragraph=\count192
\c@subparagraph=\count193
\scr@dte@section@maxnumwidth=\skip54
Class scrartcl Info: using compatibility default `runin=bysign'
(scrartcl)           for `\section on input line 5082.
Class scrartcl Info: using compatibility default `afterindent=bysign'
(scrartcl)           for `\section on input line 5082.
\scr@dte@part@maxnumwidth=\skip55
Class scrartcl Info: using compatibility default `afterindent=false'
(scrartcl)           for `\part on input line 5090.
\scr@dte@subsection@maxnumwidth=\skip56
Class scrartcl Info: using compatibility default `runin=bysign'
(scrartcl)           for `\subsection on input line 5100.
Class scrartcl Info: using compatibility default `afterindent=bysign'
(scrartcl)           for `\subsection on input line 5100.
\scr@dte@subsubsection@maxnumwidth=\skip57
Class scrartcl Info: using compatibility default `runin=bysign'
(scrartcl)           for `\subsubsection on input line 5110.
Class scrartcl Info: using compatibility default `afterindent=bysign'
(scrartcl)           for `\subsubsection on input line 5110.
\scr@dte@paragraph@maxnumwidth=\skip58
Class scrartcl Info: using compatibility default `runin=bysign'
(scrartcl)           for `\paragraph on input line 5121.
Class scrartcl Info: using compatibility default `afterindent=bysign'
(scrartcl)           for `\paragraph on input line 5121.
\scr@dte@subparagraph@maxnumwidth=\skip59
Class scrartcl Info: using compatibility default `runin=bysign'
(scrartcl)           for `\subparagraph on input line 5131.
Class scrartcl Info: using compatibility default `afterindent=bysign'
(scrartcl)           for `\subparagraph on input line 5131.
\abovecaptionskip=\skip60
\belowcaptionskip=\skip61
\c@pti@nb@sid@b@x=\box52
Package tocbasic Info: omitting babel extension for `lof'
(tocbasic)             because of feature `nobabel' available
(tocbasic)             for `lof' on input line 6309.
\scr@dte@figure@maxnumwidth=\skip62
\c@figure=\count194
Package tocbasic Info: omitting babel extension for `lot'
(tocbasic)             because of feature `nobabel' available
(tocbasic)             for `lot' on input line 6325.
\scr@dte@table@maxnumwidth=\skip63
\c@table=\count195
Class scrartcl Info: Redefining `\numberline' on input line 6495.
\bibindent=\dimen140
) (C:\Users\htjas\AppData\Local\Programs\MiKTeX\tex/latex/base\inputenc.sty
Package: inputenc 2021/02/14 v1.3d Input encoding file
\inpenc@prehook=\toks18
\inpenc@posthook=\toks19
)
(C:\Users\htjas\AppData\Local\Programs\MiKTeX\tex/latex/graphics\graphicx.sty
Package: graphicx 2021/09/16 v1.2d Enhanced LaTeX Graphics (DPC,SPQR)

(C:\Users\htjas\AppData\Local\Programs\MiKTeX\tex/latex/graphics\graphics.sty
Package: graphics 2022/03/10 v1.4e Standard LaTeX Graphics (DPC,SPQR)

(C:\Users\htjas\AppData\Local\Programs\MiKTeX\tex/latex/graphics\trig.sty
Package: trig 2021/08/11 v1.11 sin cos tan (DPC)
)
(C:\Users\htjas\AppData\Local\Programs\MiKTeX\tex/latex/graphics-cfg\graphics.c
fg
File: graphics.cfg 2016/06/04 v1.11 sample graphics configuration
)
Package graphics Info: Driver file: pdftex.def on input line 107.

(C:\Users\htjas\AppData\Local\Programs\MiKTeX\tex/latex/graphics-def\pdftex.def
File: pdftex.def 2022/09/22 v1.2b Graphics/color driver for pdftex
))
\Gin@req@height=\dimen141
\Gin@req@width=\dimen142
) (C:\Users\htjas\AppData\Local\Programs\MiKTeX\tex/latex/wrapfig\wrapfig.sty
\wrapoverhang=\dimen143
\WF@size=\dimen144
\c@WF@wrappedlines=\count196
\WF@box=\box53
\WF@everypar=\toks20
Package: wrapfig 2003/01/31  v 3.6
) (C:\Users\htjas\AppData\Local\Programs\MiKTeX\tex/latex/url\url.sty
\Urlmuskip=\muskip16
Package: url 2013/09/16  ver 3.4  Verb mode for urls, etc.
)
(C:\Users\htjas\AppData\Local\Programs\MiKTeX\tex/latex/setspace\setspace.sty
Package: setspace 2022/12/04 v6.7b set line spacing
)
(C:\Users\htjas\AppData\Local\Programs\MiKTeX\tex/latex/tabto-ltx\tabto.sty
Package: tabto 2018/12/28  v 1.4  Another tabbing mechanism
\CurrentLineWidth=\dimen145
\TabPrevPos=\dimen146
)
(C:\Users\htjas\AppData\Local\Programs\MiKTeX\tex/latex/adjustbox\adjustbox.sty
Package: adjustbox 2022/10/17 v1.3a Adjusting TeX boxes (trim, clip, ...)
(C:\Users\htjas\AppData\Local\Programs\MiKTeX\tex/latex/xkeyval\xkeyval.sty
Package: xkeyval 2022/06/16 v2.9 package option processing (HA)

(C:\Users\htjas\AppData\Local\Programs\MiKTeX\tex/generic/xkeyval\xkeyval.tex
(C:\Users\htjas\AppData\Local\Programs\MiKTeX\tex/generic/xkeyval\xkvutils.tex
\XKV@toks=\toks21
\XKV@tempa@toks=\toks22
)
\XKV@depth=\count197
File: xkeyval.tex 2014/12/03 v2.7a key=value parser (HA)
))
(C:\Users\htjas\AppData\Local\Programs\MiKTeX\tex/latex/adjustbox\adjcalc.sty
Package: adjcalc 2012/05/16 v1.1 Provides advanced setlength with multiple back
-ends (calc, etex, pgfmath)
)
(C:\Users\htjas\AppData\Local\Programs\MiKTeX\tex/latex/adjustbox\trimclip.sty
Package: trimclip 2020/08/19 v1.2 Trim and clip general TeX material

(C:\Users\htjas\AppData\Local\Programs\MiKTeX\tex/latex/collectbox\collectbox.s
ty
Package: collectbox 2022/10/17 v0.4c Collect macro arguments as boxes
\collectedbox=\box54
)
\tc@llx=\dimen147
\tc@lly=\dimen148
\tc@urx=\dimen149
\tc@ury=\dimen150
Package trimclip Info: Using driver 'tc-pdftex.def'.

(C:\Users\htjas\AppData\Local\Programs\MiKTeX\tex/latex/adjustbox\tc-pdftex.def
File: tc-pdftex.def 2019/01/04 v2.2 Clipping driver for pdftex
))
\adjbox@Width=\dimen151
\adjbox@Height=\dimen152
\adjbox@Depth=\dimen153
\adjbox@Totalheight=\dimen154
\adjbox@pwidth=\dimen155
\adjbox@pheight=\dimen156
\adjbox@pdepth=\dimen157
\adjbox@ptotalheight=\dimen158

(C:\Users\htjas\AppData\Local\Programs\MiKTeX\tex/latex/ifoddpage\ifoddpage.sty
Package: ifoddpage 2022/10/18 v1.2 Conditionals for odd/even page detection
\c@checkoddpage=\count198
) (C:\Users\htjas\AppData\Local\Programs\MiKTeX\tex/latex/varwidth\varwidth.sty
Package: varwidth 2009/03/30 ver 0.92;  Variable-width minipages
\@vwid@box=\box55
\sift@deathcycles=\count199
\@vwid@loff=\dimen159
\@vwid@roff=\dimen160
)) (C:\Users\htjas\AppData\Local\Programs\MiKTeX\tex/latex/float\float.sty
Package: float 2001/11/08 v1.3d Float enhancements (AL)
\c@float@type=\count266
\float@exts=\toks23
\float@box=\box56
\@float@everytoks=\toks24
\@floatcapt=\box57
)
(C:\Users\htjas\AppData\Local\Programs\MiKTeX\tex/latex/csquotes\csquotes.sty
Package: csquotes 2022-09-14 v5.2n context-sensitive quotations (JAW)

(C:\Users\htjas\AppData\Local\Programs\MiKTeX\tex/latex/etoolbox\etoolbox.sty
Package: etoolbox 2020/10/05 v2.5k e-TeX tools for LaTeX (JAW)
\etb@tempcnta=\count267
)
\csq@reset=\count268
\csq@gtype=\count269
\csq@glevel=\count270
\csq@qlevel=\count271
\csq@maxlvl=\count272
\csq@tshold=\count273
\csq@ltx@everypar=\toks25

(C:\Users\htjas\AppData\Local\Programs\MiKTeX\tex/latex/csquotes\csquotes.def
File: csquotes.def 2022-09-14 v5.2n csquotes generic definitions (JAW)
)
Package csquotes Info: Trying to load configuration file 'csquotes.cfg'...
Package csquotes Info: ... configuration file loaded successfully.

(C:\Users\htjas\AppData\Local\Programs\MiKTeX\tex/latex/csquotes\csquotes.cfg
File: csquotes.cfg 
)) (C:\Users\htjas\AppData\Local\Programs\MiKTeX\tex/latex/amsmath\amsmath.sty
Package: amsmath 2023/05/13 v2.17o AMS math features
\@mathmargin=\skip64

For additional information on amsmath, use the `?' option.
(C:\Users\htjas\AppData\Local\Programs\MiKTeX\tex/latex/amsmath\amstext.sty
Package: amstext 2021/08/26 v2.01 AMS text

(C:\Users\htjas\AppData\Local\Programs\MiKTeX\tex/latex/amsmath\amsgen.sty
File: amsgen.sty 1999/11/30 v2.0 generic functions
\@emptytoks=\toks26
\ex@=\dimen161
))
(C:\Users\htjas\AppData\Local\Programs\MiKTeX\tex/latex/amsmath\amsbsy.sty
Package: amsbsy 1999/11/29 v1.2d Bold Symbols
\pmbraise@=\dimen162
)
(C:\Users\htjas\AppData\Local\Programs\MiKTeX\tex/latex/amsmath\amsopn.sty
Package: amsopn 2022/04/08 v2.04 operator names
)
\inf@bad=\count274
LaTeX Info: Redefining \frac on input line 234.
\uproot@=\count275
\leftroot@=\count276
LaTeX Info: Redefining \overline on input line 399.
LaTeX Info: Redefining \colon on input line 410.
\classnum@=\count277
\DOTSCASE@=\count278
LaTeX Info: Redefining \ldots on input line 496.
LaTeX Info: Redefining \dots on input line 499.
LaTeX Info: Redefining \cdots on input line 620.
\Mathstrutbox@=\box58
\strutbox@=\box59
LaTeX Info: Redefining \big on input line 722.
LaTeX Info: Redefining \Big on input line 723.
LaTeX Info: Redefining \bigg on input line 724.
LaTeX Info: Redefining \Bigg on input line 725.
\big@size=\dimen163
LaTeX Font Info:    Redeclaring font encoding OML on input line 743.
LaTeX Font Info:    Redeclaring font encoding OMS on input line 744.
\macc@depth=\count279
LaTeX Info: Redefining \bmod on input line 905.
LaTeX Info: Redefining \pmod on input line 910.
LaTeX Info: Redefining \smash on input line 940.
LaTeX Info: Redefining \relbar on input line 970.
LaTeX Info: Redefining \Relbar on input line 971.
\c@MaxMatrixCols=\count280
\dotsspace@=\muskip17
\c@parentequation=\count281
\dspbrk@lvl=\count282
\tag@help=\toks27
\row@=\count283
\column@=\count284
\maxfields@=\count285
\andhelp@=\toks28
\eqnshift@=\dimen164
\alignsep@=\dimen165
\tagshift@=\dimen166
\tagwidth@=\dimen167
\totwidth@=\dimen168
\lineht@=\dimen169
\@envbody=\toks29
\multlinegap=\skip65
\multlinetaggap=\skip66
\mathdisplay@stack=\toks30
LaTeX Info: Redefining \[ on input line 2953.
LaTeX Info: Redefining \] on input line 2954.
)
(C:\Users\htjas\AppData\Local\Programs\MiKTeX\tex/latex/tools\multicol.sty
Package: multicol 2023/03/30 v1.9f multicolumn formatting (FMi)
\c@tracingmulticols=\count286
\mult@box=\box60
\multicol@leftmargin=\dimen170
\c@unbalance=\count287
\c@collectmore=\count288
\doublecol@number=\count289
\multicoltolerance=\count290
\multicolpretolerance=\count291
\full@width=\dimen171
\page@free=\dimen172
\premulticols=\dimen173
\postmulticols=\dimen174
\multicolsep=\skip67
\multicolbaselineskip=\skip68
\partial@page=\box61
\last@line=\box62
\mc@boxedresult=\box63
\maxbalancingoverflow=\dimen175
\mult@rightbox=\box64
\mult@grightbox=\box65
\mult@firstbox=\box66
\mult@gfirstbox=\box67
\@tempa=\box68
\@tempa=\box69
\@tempa=\box70
\@tempa=\box71
\@tempa=\box72
\@tempa=\box73
\@tempa=\box74
\@tempa=\box75
\@tempa=\box76
\@tempa=\box77
\@tempa=\box78
\@tempa=\box79
\@tempa=\box80
\@tempa=\box81
\@tempa=\box82
\@tempa=\box83
\@tempa=\box84
\@tempa=\box85
\@tempa=\box86
\@tempa=\box87
\@tempa=\box88
\@tempa=\box89
\@tempa=\box90
\@tempa=\box91
\@tempa=\box92
\@tempa=\box93
\@tempa=\box94
\@tempa=\box95
\@tempa=\box96
\@tempa=\box97
\@tempa=\box98
\@tempa=\box99
\@tempa=\box100
\@tempa=\box101
\@tempa=\box102
\@tempa=\box103
\c@minrows=\count292
\c@columnbadness=\count293
\c@finalcolumnbadness=\count294
\last@try=\dimen176
\multicolovershoot=\dimen177
\multicolundershoot=\dimen178
\mult@nat@firstbox=\box104
\colbreak@box=\box105
\mc@col@check@num=\count295
)
(C:\Users\htjas\AppData\Local\Programs\MiKTeX\tex/latex/listings\listings.sty
\lst@mode=\count296
\lst@gtempboxa=\box106
\lst@token=\toks31
\lst@length=\count297
\lst@currlwidth=\dimen179
\lst@column=\count298
\lst@pos=\count299
\lst@lostspace=\dimen180
\lst@width=\dimen181
\lst@newlines=\count300
\lst@lineno=\count301
\lst@maxwidth=\dimen182

(C:\Users\htjas\AppData\Local\Programs\MiKTeX\tex/latex/listings\lstmisc.sty
File: lstmisc.sty 2023/02/27 1.9 (Carsten Heinz)
\c@lstnumber=\count302
\lst@skipnumbers=\count303
\lst@framebox=\box107
)
(C:\Users\htjas\AppData\Local\Programs\MiKTeX\tex/latex/listings\listings.cfg
File: listings.cfg 2023/02/27 1.9 listings configuration
))
Package: listings 2023/02/27 1.9 (Carsten Heinz)
(C:\Users\htjas\AppData\Local\Programs\MiKTeX\tex/latex/tools\array.sty
Package: array 2023/10/16 v2.5g Tabular extension package (FMi)
\col@sep=\dimen183
\ar@mcellbox=\box108
\extrarowheight=\dimen184
\NC@list=\toks32
\extratabsurround=\skip69
\backup@length=\skip70
\ar@cellbox=\box109
)
(C:\Users\htjas\AppData\Local\Programs\MiKTeX\tex/latex/caption\caption.sty
Package: caption 2023/08/05 v3.6o Customizing captions (AR)

(C:\Users\htjas\AppData\Local\Programs\MiKTeX\tex/latex/caption\caption3.sty
Package: caption3 2023/07/31 v2.4d caption3 kernel (AR)
\caption@tempdima=\dimen185
\captionmargin=\dimen186
\caption@leftmargin=\dimen187
\caption@rightmargin=\dimen188
\caption@width=\dimen189
\caption@indent=\dimen190
\caption@parindent=\dimen191
\caption@hangindent=\dimen192
Package caption Info: KOMA-Script document class detected.

(C:\Users\htjas\AppData\Local\Programs\MiKTeX\tex/latex/caption\caption-koma.st
o
File: caption-koma.sto 2023/09/08 v2.0e Adaption of the caption package to the 
KOMA-Script document classes (AR)
))
\c@caption@flags=\count304
\c@continuedfloat=\count305
Package caption Info: float package is loaded.
Package caption Info: listings package is loaded.
Package caption Info: KOMA-Script scrextend package detected.
\caption@addmargin@hsize=\dimen193
\caption@addmargin@linewidth=\dimen194
Package caption Info: wrapfig package is loaded.
)
Package csquotes Info: Checking for multilingual support...
Package csquotes Info: ... none found.

(C:\Users\htjas\AppData\Local\Programs\MiKTeX\tex/latex/l3backend\l3backend-pdf
tex.def
File: l3backend-pdftex.def 2024-01-04 L3 backend support: PDF output (pdfTeX)
\l__color_backend_stack_int=\count306
\l__pdf_internal_box=\box110
) (Thesis.aux)
\openout1 = `Thesis.aux'.

LaTeX Font Info:    Checking defaults for OML/cmm/m/it on input line 21.
LaTeX Font Info:    ... okay on input line 21.
LaTeX Font Info:    Checking defaults for OMS/cmsy/m/n on input line 21.
LaTeX Font Info:    ... okay on input line 21.
LaTeX Font Info:    Checking defaults for OT1/cmr/m/n on input line 21.
LaTeX Font Info:    ... okay on input line 21.
LaTeX Font Info:    Checking defaults for T1/cmr/m/n on input line 21.
LaTeX Font Info:    ... okay on input line 21.
LaTeX Font Info:    Checking defaults for TS1/cmr/m/n on input line 21.
LaTeX Font Info:    ... okay on input line 21.
LaTeX Font Info:    Checking defaults for OMX/cmex/m/n on input line 21.
LaTeX Font Info:    ... okay on input line 21.
LaTeX Font Info:    Checking defaults for U/cmr/m/n on input line 21.
LaTeX Font Info:    ... okay on input line 21.
Package scrbase Info: activating english \abstractname on input line 21.
Package scrbase Info: activating english \partname on input line 21.
Package scrbase Info: activating english \figurename on input line 21.
Package scrbase Info: activating english \tablename on input line 21.
Package scrbase Info: activating english \contentsname on input line 21.
Package scrbase Info: activating english \listfigurename on input line 21.
Package scrbase Info: activating english \listtablename on input line 21.
Package scrbase Info: activating english \refname on input line 21.
Package scrbase Info: activating english \indexname on input line 21.

(C:\Users\htjas\AppData\Local\Programs\MiKTeX\tex/context/base/mkii\supp-pdf.mk
ii
[Loading MPS to PDF converter (version 2006.09.02).]
\scratchcounter=\count307
\scratchdimen=\dimen195
\scratchbox=\box111
\nofMPsegments=\count308
\nofMParguments=\count309
\everyMPshowfont=\toks33
\MPscratchCnt=\count310
\MPscratchDim=\dimen196
\MPnumerator=\count311
\makeMPintoPDFobject=\count312
\everyMPtoPDFconversion=\toks34
)
(C:\Users\htjas\AppData\Local\Programs\MiKTeX\tex/latex/epstopdf-pkg\epstopdf-b
ase.sty
Package: epstopdf-base 2020-01-24 v2.11 Base part for package epstopdf
Package epstopdf-base Info: Redefining graphics rule for `.eps' on input line 4
85.

(C:\Users\htjas\AppData\Local\Programs\MiKTeX\tex/latex/00miktex\epstopdf-sys.c
fg
File: epstopdf-sys.cfg 2021/03/18 v2.0 Configuration of epstopdf for MiKTeX
))
\c@lstlisting=\count313
Package caption Info: Begin \AtBeginDocument code.
Package caption Info: End \AtBeginDocument code.
<images/hs/hd.png, id=1, 144.54pt x 75.8835pt>
File: images/hs/hd.png Graphic file (type png)
<use images/hs/hd.png>
Package pdftex.def Info: images/hs/hd.png  used on input line 28.
(pdftex.def)             Requested size: 86.72466pt x 45.53044pt.
<images/hs/hhn.png, id=3, 115.18031pt x 44.41594pt>
File: images/hs/hhn.png Graphic file (type png)
<use images/hs/hhn.png>
Package pdftex.def Info: images/hs/hhn.png  used on input line 29.
(pdftex.def)             Requested size: 115.18001pt x 44.41582pt.
<images/hs/tmu.png, id=4, 1204.5pt x 664.4825pt>
File: images/hs/tmu.png Graphic file (type png)
<use images/hs/tmu.png>
Package pdftex.def Info: images/hs/tmu.png  used on input line 30.
(pdftex.def)             Requested size: 72.26688pt x 39.86722pt.

Underfull \hbox (badness 10000) in paragraph at lines 68--69

 []

[1

{C:/Users/htjas/AppData/Local/MiKTeX/fonts/map/pdftex/pdftex.map} <./images/hs/
hd.png> <./images/hs/hhn.png> <./images/hs/tmu.png>] [2] (Thesis.toc)
\tf@toc=\write3
\openout3 = `Thesis.toc'.


[3] (introduction.tex [4]

LaTeX Warning: Reference `sec:background' on page 5 undefined on input line 53.



LaTeX Warning: Reference `subsec:med_background' on page 5 undefined on input l
ine 54.


LaTeX Warning: Reference `subsubsec:bp' on page 5 undefined on input line 54.


LaTeX Warning: Reference `subsubsec:ppg' on page 5 undefined on input line 54.


LaTeX Warning: Reference `subsubsec:mimic' on page 5 undefined on input line 55
.


LaTeX Warning: Reference `subsec:computing_background' on page 5 undefined on i
nput line 56.

) [5] (methods.tex [6] [7]

LaTeX Warning: Reference `fig:segments, fig:values' on page 8 undefined on inpu
t line 112.


Underfull \hbox (badness 1448) in paragraph at lines 110--113
[][]\OT1/cmr/m/n/12 If a 10-minute con-tin-u-ous part of the seg-ment
 []

<images/methods/segments.png, id=37, 308.65312pt x 194.22563pt>
File: images/methods/segments.png Graphic file (type png)
<use images/methods/segments.png>
Package pdftex.def Info: images/methods/segments.png  used on input line 117.
(pdftex.def)             Requested size: 134.44064pt x 84.60007pt.
<images/methods/values.png, id=38, 228.10219pt x 291.33844pt>
File: images/methods/values.png Graphic file (type png)
<use images/methods/values.png>
Package pdftex.def Info: images/methods/values.png  used on input line 133.
(pdftex.def)             Requested size: 134.44064pt x 171.71481pt.
[8 <./images/methods/segments.png> <./images/methods/values.png>]
Overfull \hbox (19.98358pt too wide) in paragraph at lines 158--160
\OT1/cmtt/m/n/10.95 abp,ppg,abp[]beats,ppg[]beats = signal[]processing(seg[]nam
e,abp[]filt,ppg[]filt,fs) 
 []


Overfull \hbox (59.53455pt too wide) in paragraph at lines 164--166
\OT1/cmtt/m/n/10.95 save[]split[]features(tot[]abp[]values,median[]abp[]values,
tot[]ppg[]values,median[]ppg[]values) 
 []


LaTeX Warning: Citation `PandasPythonData' on page 9 undefined on input line 16
8.


LaTeX Warning: Citation `NumPy' on page 9 undefined on input line 169.


LaTeX Warning: Citation `MatplotlibVisualizationPython' on page 9 undefined on 
input line 169.


LaTeX Warning: Citation `SciPy' on page 9 undefined on input line 169.


LaTeX Warning: Reference `subsubsec:signal_processing' on page 9 undefined on i
nput line 175.


LaTeX Warning: Reference `subsec:code_filters' on page 9 undefined on input lin
e 179.

[9]

LaTeX Warning: Reference `fig:acdc' on page 10 undefined on input line 185.

<images/methods/filters.png, id=49, 1734.48pt x 1734.48pt>
File: images/methods/filters.png Graphic file (type png)
<use images/methods/filters.png>
Package pdftex.def Info: images/methods/filters.png  used on input line 190.
(pdftex.def)             Requested size: 403.31511pt x 403.31537pt.

LaTeX Warning: `h' float specifier changed to `ht'.


LaTeX Warning: Citation `vangentHeartPyNovelHeart2019' on page 10 undefined on 
input line 207.


LaTeX Warning: Citation `elgendiSystolicPeakDetection2013' on page 10 undefined
 on input line 207.


LaTeX Warning: Citation `arguellopradaNovelLowcomplexityPeak2018' on page 10 un
defined on input line 208.


LaTeX Warning: Citation `aboyAutomaticBeatDetection2005' on page 10 undefined o
n input line 208.


LaTeX Warning: Reference `subsec:code_beats' on page 10 undefined on input line
 215.

[10] [11 <./images/methods/filters.png>]
<images/methods/beat_algos.png, id=56, 1606.0pt x 1606.0pt>
File: images/methods/beat_algos.png Graphic file (type png)
<use images/methods/beat_algos.png>
Package pdftex.def Info: images/methods/beat_algos.png  used on input line 252.

(pdftex.def)             Requested size: 403.31511pt x 403.31242pt.


LaTeX Warning: `h' float specifier changed to `ht'.

[12]
Overfull \hbox (12.52426pt too wide) in paragraph at lines 271--274
\OT1/cmtt/m/n/12 abp[]beats,[]=sp.find[]peaks(abp,distance=abp[]beat[]interval*
.75,prominence=0.5) 
 []


Overfull \hbox (18.69926pt too wide) in paragraph at lines 271--274
\OT1/cmtt/m/n/12 ppg[]beats,[]=sp.find[]peaks(ppg,distance=ppg[]beat[]interval*
.75,prominence=0.01) 
 []

[13 <./images/methods/beat_algos.png>]
<images/methods/sp_beats.png, id=64, 1606.0pt x 1606.0pt>
File: images/methods/sp_beats.png Graphic file (type png)
<use images/methods/sp_beats.png>
Package pdftex.def Info: images/methods/sp_beats.png  used on input line 276.
(pdftex.def)             Requested size: 403.31511pt x 403.31242pt.
 [14 <./images/methods/sp_beats.png>]
<images/methods/synchronised.png, id=68, 1606.0pt x 803.0pt>
File: images/methods/synchronised.png Graphic file (type png)
<use images/methods/synchronised.png>
Package pdftex.def Info: images/methods/synchronised.png  used on input line 30
1.
(pdftex.def)             Requested size: 403.31511pt x 201.6562pt.
<images/methods/cringe_signals.png, id=69, 1606.0pt x 803.0pt>
File: images/methods/cringe_signals.png Graphic file (type png)
<use images/methods/cringe_signals.png>
Package pdftex.def Info: images/methods/cringe_signals.png  used on input line 
315.
(pdftex.def)             Requested size: 403.31511pt x 201.6562pt.


LaTeX Warning: `h' float specifier changed to `ht'.

[15 <./images/methods/synchronised.png>]

LaTeX Warning: Reference `subsec:computing_background' on page 16 undefined on 
input line 346.

[16 <./images/methods/cringe_signals.png>]
<images/methods/fidps.png, id=76, 1606.0pt x 803.0pt>
File: images/methods/fidps.png Graphic file (type png)
<use images/methods/fidps.png>
Package pdftex.def Info: images/methods/fidps.png  used on input line 355.
(pdftex.def)             Requested size: 403.31511pt x 201.6562pt.


LaTeX Warning: Reference `subsec:code_fidp' on page 17 undefined on input line 
361.


LaTeX Warning: Citation `maqsoodSurveyShallowDeep2022' on page 17 undefined on 
input line 374.

[17 <./images/methods/fidps.png>] [18]

LaTeX Warning: Reference `subsec:code_fe' on page 19 undefined on input line 43
8.

<images/methods/feats.png, id=84, 722.7pt x 542.025pt>
File: images/methods/feats.png Graphic file (type png)
<use images/methods/feats.png>
Package pdftex.def Info: images/methods/feats.png  used on input line 442.
(pdftex.def)             Requested size: 403.31511pt x 302.48982pt.

LaTeX Warning: `h' float specifier changed to `ht'.

<images/methods/median_fft.png, id=85, 1284.8pt x 481.8pt>
File: images/methods/median_fft.png Graphic file (type png)
<use images/methods/median_fft.png>
Package pdftex.def Info: images/methods/median_fft.png  used on input line 448.

(pdftex.def)             Requested size: 403.31511pt x 151.23848pt.

LaTeX Warning: `h' float specifier changed to `ht'.

[19] [20 <./images/methods/feats.png>]) [21 <./images/methods/median_fft.png>]
<images/flow_diagrams/flow_diagram.png, id=101, 761.84625pt x 473.77pt>
File: images/flow_diagrams/flow_diagram.png Graphic file (type png)
<use images/flow_diagrams/flow_diagram.png>
Package pdftex.def Info: images/flow_diagrams/flow_diagram.png  used on input l
ine 160.
(pdftex.def)             Requested size: 457.11128pt x 284.26419pt.

Overfull \hbox (8.98033pt too wide) in paragraph at lines 160--161
 [][] 
 []


LaTeX Warning: `h' float specifier changed to `ht'.

[22] [23 <./images/flow_diagrams/flow_diagram.png>] (Thesis.bbl [24] [25]

! LaTeX Error: Invalid UTF-8 byte sequence (Ã.).

See the LaTeX manual or LaTeX Companion for explanation.
Type  H <return>  for immediate help.
 ...                                              
                                                  
l.115 B.~L. Hill, N.~Rakocz, Ã.
                               ~Rudas, J.~N. Chiang, S.~Wang, I.~Hofer, M.~C...

The document does not appear to be in UTF-8 encoding.
Try adding \UseRawInputEncoding as the first line of the file
or specify an encoding such as \usepackage [latin1]{inputenc}
in the document preamble.
Alternatively, save the file in UTF-8 using your editor or another tool


Underfull \hbox (badness 1681) in paragraph at lines 132--136
[]\OT1/cmr/m/n/12 C.-S. Kim, A. M. Carek, O. T. Inan, R. Mukka-mala, and J.-O. 
Hahn,
 []

[26] [27] [28] [29] [30]) [31] [32] (Thesis.aux)
 ***********
LaTeX2e <2023-11-01> patch level 1
L3 programming layer <2024-01-22>
 ***********


LaTeX Warning: There were undefined references.


LaTeX Warning: Label(s) may have changed. Rerun to get cross-references right.

 ) 
Here is how much of TeX's memory you used:
 10596 strings out of 474541
 203882 string characters out of 5744425
 1935978 words of memory out of 5000000
 32713 multiletter control sequences out of 15000+600000
 566880 words of font info for 67 fonts, out of 8000000 for 9000
 1141 hyphenation exceptions out of 8191
 108i,8n,117p,10998b,443s stack positions out of 10000i,1000n,20000p,200000b,200000s
 <C:\Users\htjas\AppData\Local\MiKTeX\fonts/pk/ljfour/jknappen/ec/dpi600\tcrm
1200.pk><C:/Users/htjas/AppData/Local/Programs/MiKTeX/fonts/type1/public/amsfon
ts/cm/cmbx12.pfb><C:/Users/htjas/AppData/Local/Programs/MiKTeX/fonts/type1/publ
ic/amsfonts/cm/cmex10.pfb><C:/Users/htjas/AppData/Local/Programs/MiKTeX/fonts/t
ype1/public/amsfonts/cm/cmmi10.pfb><C:/Users/htjas/AppData/Local/Programs/MiKTe
X/fonts/type1/public/amsfonts/cm/cmmi12.pfb><C:/Users/htjas/AppData/Local/Progr
ams/MiKTeX/fonts/type1/public/amsfonts/cm/cmmi8.pfb><C:/Users/htjas/AppData/Loc
al/Programs/MiKTeX/fonts/type1/public/amsfonts/cm/cmr10.pfb><C:/Users/htjas/App
Data/Local/Programs/MiKTeX/fonts/type1/public/amsfonts/cm/cmr12.pfb><C:/Users/h
tjas/AppData/Local/Programs/MiKTeX/fonts/type1/public/amsfonts/cm/cmr17.pfb><C:
/Users/htjas/AppData/Local/Programs/MiKTeX/fonts/type1/public/amsfonts/cm/cmr8.
pfb><C:/Users/htjas/AppData/Local/Programs/MiKTeX/fonts/type1/public/amsfonts/c
m/cmssbx10.pfb><C:/Users/htjas/AppData/Local/Programs/MiKTeX/fonts/type1/public
/amsfonts/cm/cmsy10.pfb><C:/Users/htjas/AppData/Local/Programs/MiKTeX/fonts/typ
e1/public/amsfonts/cm/cmsy8.pfb><C:/Users/htjas/AppData/Local/Programs/MiKTeX/f
onts/type1/public/amsfonts/cm/cmti12.pfb><C:/Users/htjas/AppData/Local/Programs
/MiKTeX/fonts/type1/public/amsfonts/cm/cmtt10.pfb><C:/Users/htjas/AppData/Local
/Programs/MiKTeX/fonts/type1/public/amsfonts/cm/cmtt12.pfb>
Output written on Thesis.pdf (32 pages, 2099048 bytes).
PDF statistics:
 204 PDF objects out of 1000 (max. 8388607)
 0 named destinations out of 1000 (max. 500000)
 71 words of extra memory for PDF output out of 10000 (max. 10000000)

